INFO 2025-07-27 22:26:08,809 autoreload 27500 28980 Watching for file changes with StatReloader
INFO 2025-07-27 22:26:58,983 basehttp 27500 31000 "GET / HTTP/1.1" 302 0
INFO 2025-07-27 22:26:59,039 basehttp 27500 30944 "GET /vi/ HTTP/1.1" 200 55370
INFO 2025-07-27 22:26:59,283 basehttp 27500 29836 "GET /media/hero_slides/corn-cobs-plantation-field-600nw-2477557971.webp HTTP/1.1" 200 76222
INFO 2025-07-27 22:26:59,286 basehttp 27500 30944 "GET /media/hero_slides/62681_10_24.jpeg HTTP/1.1" 200 134225
INFO 2025-07-27 22:26:59,288 basehttp 27500 1944 "GET /media/hero_backgrounds/chil1_fDTcPMM.png HTTP/1.1" 302 0
WARNING 2025-07-27 22:26:59,482 log 27500 30944 Not Found: /vi/media/hero_backgrounds/chil1_fDTcPMM.png/
WARNING 2025-07-27 22:26:59,483 basehttp 27500 30944 "GET /vi/media/hero_backgrounds/chil1_fDTcPMM.png/ HTTP/1.1" 404 3803
INFO 2025-07-27 22:27:19,460 basehttp 27500 30944 "GET /.well-known/appspecific/com.chrome.devtools.json HTTP/1.1" 302 0
WARNING 2025-07-27 22:27:19,474 log 27500 29836 Not Found: /vi/.well-known/appspecific/com.chrome.devtools.json/
WARNING 2025-07-27 22:27:19,475 basehttp 27500 29836 "GET /vi/.well-known/appspecific/com.chrome.devtools.json/ HTTP/1.1" 404 3827
INFO 2025-07-27 22:29:15,222 basehttp 27500 29836 "GET /.well-known/appspecific/com.chrome.devtools.json HTTP/1.1" 302 0
WARNING 2025-07-27 22:29:15,236 log 27500 19228 Not Found: /vi/.well-known/appspecific/com.chrome.devtools.json/
WARNING 2025-07-27 22:29:15,237 basehttp 27500 19228 "GET /vi/.well-known/appspecific/com.chrome.devtools.json/ HTTP/1.1" 404 3827
INFO 2025-07-28 15:58:10,198 autoreload 25652 6304 Watching for file changes with StatReloader
INFO 2025-07-28 15:58:16,772 basehttp 25652 8780 "GET / HTTP/1.1" 302 0
INFO 2025-07-28 15:58:16,816 basehttp 25652 3028 "GET /vi/ HTTP/1.1" 200 55370
INFO 2025-07-28 15:58:16,950 basehttp 25652 19280 "GET /media/hero_slides/corn-cobs-plantation-field-600nw-2477557971.webp HTTP/1.1" 200 76222
INFO 2025-07-28 15:58:16,951 basehttp 25652 13256 "GET /media/hero_backgrounds/chil1_fDTcPMM.png HTTP/1.1" 302 0
INFO 2025-07-28 15:58:16,952 basehttp 25652 3028 "GET /media/hero_slides/62681_10_24.jpeg HTTP/1.1" 200 134225
WARNING 2025-07-28 15:58:17,139 log 25652 3028 Not Found: /vi/media/hero_backgrounds/chil1_fDTcPMM.png/
WARNING 2025-07-28 15:58:17,141 basehttp 25652 3028 "GET /vi/media/hero_backgrounds/chil1_fDTcPMM.png/ HTTP/1.1" 404 3803
INFO 2025-07-28 15:58:17,394 basehttp 25652 3028 "GET /favicon.ico HTTP/1.1" 302 0
WARNING 2025-07-28 15:58:17,406 log 25652 19280 Not Found: /vi/favicon.ico/
WARNING 2025-07-28 15:58:17,407 basehttp 25652 19280 "GET /vi/favicon.ico/ HTTP/1.1" 404 3716
INFO 2025-07-28 16:41:13,520 autoreload 27224 21048 Watching for file changes with StatReloader
INFO 2025-07-28 16:41:15,132 basehttp 27224 28564 "GET / HTTP/1.1" 302 0
ERROR 2025-07-28 16:41:15,465 log 27224 26232 Internal Server Error: /vi/
Traceback (most recent call last):
  File "E:\Quan.dang\mamnon_website\venv\Lib\site-packages\cms\templatetags\cms_tags.py", line 89, in _get_page_by_untyped_arg
    return pages.get(**page_lookup)
           ~~~~~~~~~^^^^^^^^^^^^^^^
  File "E:\Quan.dang\mamnon_website\venv\Lib\site-packages\django\db\models\query.py", line 637, in get
    raise self.model.DoesNotExist(
        "%s matching query does not exist." % self.model._meta.object_name
    )
cms.models.pagemodel.Page.DoesNotExist: Page matching query does not exist.

During handling of the above exception, another exception occurred:

Traceback (most recent call last):
  File "E:\Quan.dang\mamnon_website\venv\Lib\site-packages\django\core\handlers\exception.py", line 55, in inner
    response = get_response(request)
  File "E:\Quan.dang\mamnon_website\venv\Lib\site-packages\django\core\handlers\base.py", line 220, in _get_response
    response = response.render()
  File "E:\Quan.dang\mamnon_website\venv\Lib\site-packages\django\template\response.py", line 114, in render
    self.content = self.rendered_content
                   ^^^^^^^^^^^^^^^^^^^^^
  File "E:\Quan.dang\mamnon_website\venv\Lib\site-packages\django\template\response.py", line 92, in rendered_content
    return template.render(context, self._request)
           ~~~~~~~~~~~~~~~^^^^^^^^^^^^^^^^^^^^^^^^
  File "E:\Quan.dang\mamnon_website\venv\Lib\site-packages\django\template\backends\django.py", line 61, in render
    return self.template.render(context)
           ~~~~~~~~~~~~~~~~~~~~^^^^^^^^^
  File "E:\Quan.dang\mamnon_website\venv\Lib\site-packages\django\template\base.py", line 175, in render
    return self._render(context)
           ~~~~~~~~~~~~^^^^^^^^^
  File "E:\Quan.dang\mamnon_website\venv\Lib\site-packages\django\template\base.py", line 167, in _render
    return self.nodelist.render(context)
           ~~~~~~~~~~~~~~~~~~~~^^^^^^^^^
  File "E:\Quan.dang\mamnon_website\venv\Lib\site-packages\django\template\base.py", line 1005, in render
    return SafeString("".join([node.render_annotated(context) for node in self]))
                               ~~~~~~~~~~~~~~~~~~~~~^^^^^^^^^
  File "E:\Quan.dang\mamnon_website\venv\Lib\site-packages\django\template\base.py", line 966, in render_annotated
    return self.render(context)
           ~~~~~~~~~~~^^^^^^^^^
  File "E:\Quan.dang\mamnon_website\venv\Lib\site-packages\django\template\loader_tags.py", line 157, in render
    return compiled_parent._render(context)
           ~~~~~~~~~~~~~~~~~~~~~~~^^^^^^^^^
  File "E:\Quan.dang\mamnon_website\venv\Lib\site-packages\django\template\base.py", line 167, in _render
    return self.nodelist.render(context)
           ~~~~~~~~~~~~~~~~~~~~^^^^^^^^^
  File "E:\Quan.dang\mamnon_website\venv\Lib\site-packages\django\template\base.py", line 1005, in render
    return SafeString("".join([node.render_annotated(context) for node in self]))
                               ~~~~~~~~~~~~~~~~~~~~~^^^^^^^^^
  File "E:\Quan.dang\mamnon_website\venv\Lib\site-packages\django\template\base.py", line 966, in render_annotated
    return self.render(context)
           ~~~~~~~~~~~^^^^^^^^^
  File "E:\Quan.dang\mamnon_website\venv\Lib\site-packages\classytags\core.py", line 142, in render
    return str(self.render_tag(context, **kwargs))
               ~~~~~~~~~~~~~~~^^^^^^^^^^^^^^^^^^^
  File "E:\Quan.dang\mamnon_website\venv\Lib\site-packages\sekizai\templatetags\sekizai_tags.py", line 87, in render_tag
    rendered_contents = nodelist.render(context)
  File "E:\Quan.dang\mamnon_website\venv\Lib\site-packages\django\template\base.py", line 1005, in render
    return SafeString("".join([node.render_annotated(context) for node in self]))
                               ~~~~~~~~~~~~~~~~~~~~~^^^^^^^^^
  File "E:\Quan.dang\mamnon_website\venv\Lib\site-packages\django\template\base.py", line 966, in render_annotated
    return self.render(context)
           ~~~~~~~~~~~^^^^^^^^^
  File "E:\Quan.dang\mamnon_website\venv\Lib\site-packages\classytags\core.py", line 142, in render
    return str(self.render_tag(context, **kwargs))
               ~~~~~~~~~~~~~~~^^^^^^^^^^^^^^^^^^^
  File "E:\Quan.dang\mamnon_website\venv\Lib\site-packages\cms\templatetags\cms_tags.py", line 471, in render_tag
    return toolbar.render_with_structure(context, nodelist)
           ~~~~~~~~~~~~~~~~~~~~~~~~~~~~~^^^^^^^^^^^^^^^^^^^
  File "E:\Quan.dang\mamnon_website\venv\Lib\site-packages\cms\toolbar\toolbar.py", line 557, in render_with_structure
    rendered_contents = nodelist.render(context)
  File "E:\Quan.dang\mamnon_website\venv\Lib\site-packages\django\template\base.py", line 1005, in render
    return SafeString("".join([node.render_annotated(context) for node in self]))
                               ~~~~~~~~~~~~~~~~~~~~~^^^^^^^^^
  File "E:\Quan.dang\mamnon_website\venv\Lib\site-packages\django\template\base.py", line 966, in render_annotated
    return self.render(context)
           ~~~~~~~~~~~^^^^^^^^^
  File "E:\Quan.dang\mamnon_website\venv\Lib\site-packages\classytags\core.py", line 142, in render
    return str(self.render_tag(context, **kwargs))
               ~~~~~~~~~~~~~~~^^^^^^^^^^^^^^^^^^^
  File "E:\Quan.dang\mamnon_website\venv\Lib\site-packages\classytags\helpers.py", line 41, in render_tag
    value = self.get_value(context, **kwargs)
  File "E:\Quan.dang\mamnon_website\venv\Lib\site-packages\cms\templatetags\cms_tags.py", line 262, in get_value
    page = _get_page_by_untyped_arg(page_lookup, request, site_id)
  File "E:\Quan.dang\mamnon_website\venv\Lib\site-packages\cms\templatetags\cms_tags.py", line 97, in _get_page_by_untyped_arg
    raise Page.DoesNotExist(body)
cms.models.pagemodel.Page.DoesNotExist: A template tag couldn't find the page with lookup arguments `{'reverse_id': 'about'}
`. The URL of the request was: http://example.com/vi/
ERROR 2025-07-28 16:41:15,477 basehttp 27224 26232 "GET /vi/ HTTP/1.1" 500 237446
ERROR 2025-07-28 16:41:22,467 log 27224 26232 Internal Server Error: /vi/
Traceback (most recent call last):
  File "E:\Quan.dang\mamnon_website\venv\Lib\site-packages\cms\templatetags\cms_tags.py", line 89, in _get_page_by_untyped_arg
    return pages.get(**page_lookup)
           ~~~~~~~~~^^^^^^^^^^^^^^^
  File "E:\Quan.dang\mamnon_website\venv\Lib\site-packages\django\db\models\query.py", line 637, in get
    raise self.model.DoesNotExist(
        "%s matching query does not exist." % self.model._meta.object_name
    )
cms.models.pagemodel.Page.DoesNotExist: Page matching query does not exist.

During handling of the above exception, another exception occurred:

Traceback (most recent call last):
  File "E:\Quan.dang\mamnon_website\venv\Lib\site-packages\django\core\handlers\exception.py", line 55, in inner
    response = get_response(request)
  File "E:\Quan.dang\mamnon_website\venv\Lib\site-packages\django\core\handlers\base.py", line 220, in _get_response
    response = response.render()
  File "E:\Quan.dang\mamnon_website\venv\Lib\site-packages\django\template\response.py", line 114, in render
    self.content = self.rendered_content
                   ^^^^^^^^^^^^^^^^^^^^^
  File "E:\Quan.dang\mamnon_website\venv\Lib\site-packages\django\template\response.py", line 92, in rendered_content
    return template.render(context, self._request)
           ~~~~~~~~~~~~~~~^^^^^^^^^^^^^^^^^^^^^^^^
  File "E:\Quan.dang\mamnon_website\venv\Lib\site-packages\django\template\backends\django.py", line 61, in render
    return self.template.render(context)
           ~~~~~~~~~~~~~~~~~~~~^^^^^^^^^
  File "E:\Quan.dang\mamnon_website\venv\Lib\site-packages\django\template\base.py", line 175, in render
    return self._render(context)
           ~~~~~~~~~~~~^^^^^^^^^
  File "E:\Quan.dang\mamnon_website\venv\Lib\site-packages\django\template\base.py", line 167, in _render
    return self.nodelist.render(context)
           ~~~~~~~~~~~~~~~~~~~~^^^^^^^^^
  File "E:\Quan.dang\mamnon_website\venv\Lib\site-packages\django\template\base.py", line 1005, in render
    return SafeString("".join([node.render_annotated(context) for node in self]))
                               ~~~~~~~~~~~~~~~~~~~~~^^^^^^^^^
  File "E:\Quan.dang\mamnon_website\venv\Lib\site-packages\django\template\base.py", line 966, in render_annotated
    return self.render(context)
           ~~~~~~~~~~~^^^^^^^^^
  File "E:\Quan.dang\mamnon_website\venv\Lib\site-packages\django\template\loader_tags.py", line 157, in render
    return compiled_parent._render(context)
           ~~~~~~~~~~~~~~~~~~~~~~~^^^^^^^^^
  File "E:\Quan.dang\mamnon_website\venv\Lib\site-packages\django\template\base.py", line 167, in _render
    return self.nodelist.render(context)
           ~~~~~~~~~~~~~~~~~~~~^^^^^^^^^
  File "E:\Quan.dang\mamnon_website\venv\Lib\site-packages\django\template\base.py", line 1005, in render
    return SafeString("".join([node.render_annotated(context) for node in self]))
                               ~~~~~~~~~~~~~~~~~~~~~^^^^^^^^^
  File "E:\Quan.dang\mamnon_website\venv\Lib\site-packages\django\template\base.py", line 966, in render_annotated
    return self.render(context)
           ~~~~~~~~~~~^^^^^^^^^
  File "E:\Quan.dang\mamnon_website\venv\Lib\site-packages\classytags\core.py", line 142, in render
    return str(self.render_tag(context, **kwargs))
               ~~~~~~~~~~~~~~~^^^^^^^^^^^^^^^^^^^
  File "E:\Quan.dang\mamnon_website\venv\Lib\site-packages\sekizai\templatetags\sekizai_tags.py", line 87, in render_tag
    rendered_contents = nodelist.render(context)
  File "E:\Quan.dang\mamnon_website\venv\Lib\site-packages\django\template\base.py", line 1005, in render
    return SafeString("".join([node.render_annotated(context) for node in self]))
                               ~~~~~~~~~~~~~~~~~~~~~^^^^^^^^^
  File "E:\Quan.dang\mamnon_website\venv\Lib\site-packages\django\template\base.py", line 966, in render_annotated
    return self.render(context)
           ~~~~~~~~~~~^^^^^^^^^
  File "E:\Quan.dang\mamnon_website\venv\Lib\site-packages\classytags\core.py", line 142, in render
    return str(self.render_tag(context, **kwargs))
               ~~~~~~~~~~~~~~~^^^^^^^^^^^^^^^^^^^
  File "E:\Quan.dang\mamnon_website\venv\Lib\site-packages\cms\templatetags\cms_tags.py", line 471, in render_tag
    return toolbar.render_with_structure(context, nodelist)
           ~~~~~~~~~~~~~~~~~~~~~~~~~~~~~^^^^^^^^^^^^^^^^^^^
  File "E:\Quan.dang\mamnon_website\venv\Lib\site-packages\cms\toolbar\toolbar.py", line 557, in render_with_structure
    rendered_contents = nodelist.render(context)
  File "E:\Quan.dang\mamnon_website\venv\Lib\site-packages\django\template\base.py", line 1005, in render
    return SafeString("".join([node.render_annotated(context) for node in self]))
                               ~~~~~~~~~~~~~~~~~~~~~^^^^^^^^^
  File "E:\Quan.dang\mamnon_website\venv\Lib\site-packages\django\template\base.py", line 966, in render_annotated
    return self.render(context)
           ~~~~~~~~~~~^^^^^^^^^
  File "E:\Quan.dang\mamnon_website\venv\Lib\site-packages\classytags\core.py", line 142, in render
    return str(self.render_tag(context, **kwargs))
               ~~~~~~~~~~~~~~~^^^^^^^^^^^^^^^^^^^
  File "E:\Quan.dang\mamnon_website\venv\Lib\site-packages\classytags\helpers.py", line 41, in render_tag
    value = self.get_value(context, **kwargs)
  File "E:\Quan.dang\mamnon_website\venv\Lib\site-packages\cms\templatetags\cms_tags.py", line 262, in get_value
    page = _get_page_by_untyped_arg(page_lookup, request, site_id)
  File "E:\Quan.dang\mamnon_website\venv\Lib\site-packages\cms\templatetags\cms_tags.py", line 97, in _get_page_by_untyped_arg
    raise Page.DoesNotExist(body)
cms.models.pagemodel.Page.DoesNotExist: A template tag couldn't find the page with lookup arguments `{'reverse_id': 'about'}
`. The URL of the request was: http://example.com/vi/
ERROR 2025-07-28 16:41:22,472 basehttp 27224 26232 "GET /vi/ HTTP/1.1" 500 237583
INFO 2025-07-28 16:41:41,167 basehttp 27224 26232 "GET /vi/ HTTP/1.1" 200 22469
INFO 2025-07-28 16:42:03,754 basehttp 27224 26232 "GET /vi/ HTTP/1.1" 200 55370
INFO 2025-07-28 16:42:03,834 basehttp 27224 22560 "GET /media/hero_backgrounds/chil1_fDTcPMM.png HTTP/1.1" 302 0
INFO 2025-07-28 16:42:03,838 basehttp 27224 26232 "GET /media/hero_slides/62681_10_24.jpeg HTTP/1.1" 200 134225
INFO 2025-07-28 16:42:03,840 basehttp 27224 3516 "GET /media/hero_slides/corn-cobs-plantation-field-600nw-2477557971.webp HTTP/1.1" 200 76222
WARNING 2025-07-28 16:42:03,889 log 27224 3516 Not Found: /vi/media/hero_backgrounds/chil1_fDTcPMM.png/
WARNING 2025-07-28 16:42:03,890 basehttp 27224 3516 "GET /vi/media/hero_backgrounds/chil1_fDTcPMM.png/ HTTP/1.1" 404 3803
INFO 2025-07-28 16:51:04,706 basehttp 27224 26632 "GET /admin/ HTTP/1.1" 200 19458
INFO 2025-07-28 16:51:04,742 basehttp 27224 26632 "GET /static/admin/css/base.css HTTP/1.1" 200 21207
INFO 2025-07-28 16:51:04,752 basehttp 27224 14844 "GET /static/admin/css/dark_mode.css HTTP/1.1" 200 2929
INFO 2025-07-28 16:51:04,757 basehttp 27224 26632 "GET /static/djangocms_admin_style/css/djangocms-admin.css HTTP/1.1" 304 0
INFO 2025-07-28 16:51:04,757 basehttp 27224 4452 "GET /static/admin/css/dashboard.css HTTP/1.1" 304 0
INFO 2025-07-28 16:51:04,759 basehttp 27224 13888 "GET /static/admin/css/nav_sidebar.css HTTP/1.1" 200 2694
INFO 2025-07-28 16:51:04,760 basehttp 27224 28272 "GET /static/admin/css/responsive.css HTTP/1.1" 200 18533
INFO 2025-07-28 16:51:04,761 basehttp 27224 24544 "GET /static/djangocms_admin_style/js/dist/bundle.adminstyle.min.js HTTP/1.1" 200 105093
INFO 2025-07-28 16:51:04,804 basehttp 27224 24544 "GET /static/admin/js/theme.js HTTP/1.1" 200 1943
INFO 2025-07-28 16:51:04,820 basehttp 27224 24544 "GET /static/admin/js/nav_sidebar.js HTTP/1.1" 200 3063
INFO 2025-07-28 16:51:04,850 basehttp 27224 24544 "GET /static/djangocms_admin_style/img/icon_arrow_right.png HTTP/1.1" 200 15812
INFO 2025-07-28 16:51:04,868 basehttp 27224 24544 "GET /static/djangocms_admin_style/fonts/django-admin-iconfont.woff2?v=3.2.0 HTTP/1.1" 200 8788
INFO 2025-07-28 17:29:05,385 autoreload 3632 18736 Watching for file changes with StatReloader
INFO 2025-07-28 17:29:07,747 basehttp 3632 24412 "GET / HTTP/1.1" 302 0
INFO 2025-07-28 17:29:07,829 basehttp 3632 17664 "GET /vi/ HTTP/1.1" 200 39380
WARNING 2025-07-28 17:29:07,892 basehttp 3632 17664 "GET /static/css/output.css HTTP/1.1" 404 1902
INFO 2025-07-28 17:29:07,993 basehttp 3632 19276 "GET /media/hero_slides/corn-cobs-plantation-field-600nw-2477557971.webp HTTP/1.1" 200 76222
INFO 2025-07-28 17:29:07,995 basehttp 3632 11196 "GET /media/hero_slides/62681_10_24.jpeg HTTP/1.1" 200 134225
INFO 2025-07-28 17:29:07,995 basehttp 3632 21840 "GET /media/hero_backgrounds/chil1_fDTcPMM.png HTTP/1.1" 302 0
WARNING 2025-07-28 17:29:08,091 log 3632 11196 Not Found: /vi/media/hero_backgrounds/chil1_fDTcPMM.png/
WARNING 2025-07-28 17:29:08,092 basehttp 3632 11196 "GET /vi/media/hero_backgrounds/chil1_fDTcPMM.png/ HTTP/1.1" 404 3803
INFO 2025-07-28 17:29:08,234 basehttp 3632 11196 "GET /sw.js HTTP/1.1" 302 0
WARNING 2025-07-28 17:29:08,364 basehttp 3632 19276 "GET /static/images/favicon.ico HTTP/1.1" 404 1914
WARNING 2025-07-28 17:29:08,374 basehttp 3632 3996 "GET /static/images/favicon-32x32.png HTTP/1.1" 404 1932
WARNING 2025-07-28 17:29:08,383 basehttp 3632 4300 "GET /static/images/favicon-16x16.png HTTP/1.1" 404 1932
INFO 2025-07-28 17:29:18,566 basehttp 3632 10988 "GET /vi/ HTTP/1.1" 200 55370
INFO 2025-07-28 17:29:18,628 basehttp 3632 1008 "GET /media/hero_backgrounds/chil1_fDTcPMM.png HTTP/1.1" 302 0
INFO 2025-07-28 17:29:18,628 basehttp 3632 13144 "GET /media/hero_slides/corn-cobs-plantation-field-600nw-2477557971.webp HTTP/1.1" 200 76222
INFO 2025-07-28 17:29:18,628 basehttp 3632 10988 "GET /media/hero_slides/62681_10_24.jpeg HTTP/1.1" 200 134225
WARNING 2025-07-28 17:29:18,768 log 3632 10988 Not Found: /vi/media/hero_backgrounds/chil1_fDTcPMM.png/
WARNING 2025-07-28 17:29:18,769 basehttp 3632 10988 "GET /vi/media/hero_backgrounds/chil1_fDTcPMM.png/ HTTP/1.1" 404 3803
INFO 2025-07-28 17:40:32,342 basehttp 3632 200 "GET /vi/ HTTP/1.1" 200 55370
INFO 2025-07-28 17:40:32,460 basehttp 3632 13148 "GET /media/hero_slides/corn-cobs-plantation-field-600nw-2477557971.webp HTTP/1.1" 200 76222
INFO 2025-07-28 17:40:32,462 basehttp 3632 18724 "GET /media/hero_backgrounds/chil1_fDTcPMM.png HTTP/1.1" 302 0
INFO 2025-07-28 17:40:32,462 basehttp 3632 200 "GET /media/hero_slides/62681_10_24.jpeg HTTP/1.1" 200 134225
WARNING 2025-07-28 17:40:32,500 log 3632 200 Not Found: /vi/media/hero_backgrounds/chil1_fDTcPMM.png/
WARNING 2025-07-28 17:40:32,501 basehttp 3632 200 "GET /vi/media/hero_backgrounds/chil1_fDTcPMM.png/ HTTP/1.1" 404 3803
INFO 2025-07-28 17:41:53,282 basehttp 3632 200 "GET /vi/ HTTP/1.1" 200 56327
INFO 2025-07-28 17:41:53,723 basehttp 3632 13148 "GET /media/hero_slides/corn-cobs-plantation-field-600nw-2477557971.webp HTTP/1.1" 200 76222
INFO 2025-07-28 17:41:53,724 basehttp 3632 9908 "GET /media/hero_backgrounds/chil1_fDTcPMM.png HTTP/1.1" 302 0
INFO 2025-07-28 17:41:53,725 basehttp 3632 200 "GET /media/hero_slides/62681_10_24.jpeg HTTP/1.1" 200 134225
WARNING 2025-07-28 17:41:53,781 log 3632 200 Not Found: /vi/media/hero_backgrounds/chil1_fDTcPMM.png/
WARNING 2025-07-28 17:41:53,781 basehttp 3632 200 "GET /vi/media/hero_backgrounds/chil1_fDTcPMM.png/ HTTP/1.1" 404 3803
INFO 2025-07-28 17:44:01,215 basehttp 3632 200 "GET /admin/ HTTP/1.1" 200 19458
INFO 2025-07-28 17:44:02,541 basehttp 3632 200 "GET /admin/core/heroslide/ HTTP/1.1" 200 21211
INFO 2025-07-28 17:44:02,605 basehttp 3632 200 "GET /static/admin/css/changelists.css HTTP/1.1" 200 6566
INFO 2025-07-28 17:44:02,623 basehttp 3632 28008 "GET /static/admin/js/jquery.init.js HTTP/1.1" 200 347
INFO 2025-07-28 17:44:02,624 basehttp 3632 200 "GET /static/admin/js/admin/RelatedObjectLookups.js HTTP/1.1" 200 8943
INFO 2025-07-28 17:44:02,625 basehttp 3632 27616 "GET /static/admin/css/forms.css HTTP/1.1" 200 9047
INFO 2025-07-28 17:44:02,636 basehttp 3632 13148 "GET /admin/jsi18n/ HTTP/1.1" 200 8817
INFO 2025-07-28 17:44:02,636 basehttp 3632 3532 "GET /static/admin/js/core.js HTTP/1.1" 200 5682
INFO 2025-07-28 17:44:02,637 basehttp 3632 200 "GET /static/admin/js/actions.js HTTP/1.1" 200 7872
INFO 2025-07-28 17:44:02,637 basehttp 3632 27616 "GET /static/admin/js/prepopulate.js HTTP/1.1" 200 1531
INFO 2025-07-28 17:44:02,639 basehttp 3632 28008 "GET /static/admin/js/urlify.js HTTP/1.1" 200 7887
INFO 2025-07-28 17:44:02,649 basehttp 3632 18780 "GET /static/admin/js/vendor/jquery/jquery.js HTTP/1.1" 200 292458
INFO 2025-07-28 17:44:02,652 basehttp 3632 28008 "GET /static/admin/img/search.svg HTTP/1.1" 200 442
INFO 2025-07-28 17:44:02,655 basehttp 3632 3532 "GET /static/admin/js/vendor/xregexp/xregexp.js HTTP/1.1" 200 232381
INFO 2025-07-28 17:44:02,657 basehttp 3632 18780 "GET /static/admin/css/widgets.css HTTP/1.1" 200 11900
INFO 2025-07-28 17:44:02,715 basehttp 3632 18780 "GET /static/admin/js/filters.js HTTP/1.1" 200 978
INFO 2025-07-28 17:44:02,780 basehttp 3632 18780 "GET /static/djangocms_admin_style/img/icon_search_white@2x.png HTTP/1.1" 304 0
INFO 2025-07-28 17:44:02,781 basehttp 3632 28008 "GET /static/djangocms_admin_style/img/sorting-icons.png HTTP/1.1" 304 0
INFO 2025-07-28 17:44:02,797 basehttp 3632 28008 "GET /static/djangocms_admin_style/img/icon_arrow_down.png HTTP/1.1" 200 15112
INFO 2025-07-28 17:50:56,540 autoreload 11920 22424 Watching for file changes with StatReloader
INFO 2025-07-28 17:50:57,771 basehttp 11920 8200 "GET / HTTP/1.1" 302 0
INFO 2025-07-28 17:50:57,805 basehttp 11920 10936 "GET /vi/ HTTP/1.1" 200 56327
INFO 2025-07-28 17:50:58,242 basehttp 11920 27452 "GET /media/hero_backgrounds/chil1_fDTcPMM.png HTTP/1.1" 302 0
INFO 2025-07-28 17:50:58,243 basehttp 11920 11792 "GET /media/hero_slides/corn-cobs-plantation-field-600nw-2477557971.webp HTTP/1.1" 200 76222
INFO 2025-07-28 17:50:58,244 basehttp 11920 10936 "GET /media/hero_slides/62681_10_24.jpeg HTTP/1.1" 200 134225
WARNING 2025-07-28 17:50:58,374 log 11920 10936 Not Found: /vi/media/hero_backgrounds/chil1_fDTcPMM.png/
WARNING 2025-07-28 17:50:58,375 basehttp 11920 10936 "GET /vi/media/hero_backgrounds/chil1_fDTcPMM.png/ HTTP/1.1" 404 3803
INFO 2025-07-28 17:53:29,138 basehttp 11920 10936 "GET /.well-known/appspecific/com.chrome.devtools.json HTTP/1.1" 302 0
WARNING 2025-07-28 17:53:29,155 log 11920 11792 Not Found: /vi/.well-known/appspecific/com.chrome.devtools.json/
WARNING 2025-07-28 17:53:29,155 basehttp 11920 11792 "GET /vi/.well-known/appspecific/com.chrome.devtools.json/ HTTP/1.1" 404 3827
ERROR 2025-07-28 18:04:42,332 log 11920 27680 Internal Server Error: /vi/
Traceback (most recent call last):
  File "E:\Quan.dang\mamnon_website\venv\Lib\site-packages\django\core\handlers\exception.py", line 55, in inner
    response = get_response(request)
  File "E:\Quan.dang\mamnon_website\venv\Lib\site-packages\django\core\handlers\base.py", line 220, in _get_response
    response = response.render()
  File "E:\Quan.dang\mamnon_website\venv\Lib\site-packages\django\template\response.py", line 114, in render
    self.content = self.rendered_content
                   ^^^^^^^^^^^^^^^^^^^^^
  File "E:\Quan.dang\mamnon_website\venv\Lib\site-packages\django\template\response.py", line 90, in rendered_content
    template = self.resolve_template(self.template_name)
  File "E:\Quan.dang\mamnon_website\venv\Lib\site-packages\django\template\response.py", line 74, in resolve_template
    return get_template(template, using=self.using)
  File "E:\Quan.dang\mamnon_website\venv\Lib\site-packages\django\template\loader.py", line 15, in get_template
    return engine.get_template(template_name)
           ~~~~~~~~~~~~~~~~~~~^^^^^^^^^^^^^^^
  File "E:\Quan.dang\mamnon_website\venv\Lib\site-packages\django\template\backends\django.py", line 33, in get_template
    return Template(self.engine.get_template(template_name), self)
                    ~~~~~~~~~~~~~~~~~~~~~~~~^^^^^^^^^^^^^^^
  File "E:\Quan.dang\mamnon_website\venv\Lib\site-packages\django\template\engine.py", line 175, in get_template
    template, origin = self.find_template(template_name)
                       ~~~~~~~~~~~~~~~~~~^^^^^^^^^^^^^^^
  File "E:\Quan.dang\mamnon_website\venv\Lib\site-packages\django\template\engine.py", line 157, in find_template
    template = loader.get_template(name, skip=skip)
  File "E:\Quan.dang\mamnon_website\venv\Lib\site-packages\django\template\loaders\cached.py", line 57, in get_template
    template = super().get_template(template_name, skip)
  File "E:\Quan.dang\mamnon_website\venv\Lib\site-packages\django\template\loaders\base.py", line 28, in get_template
    return Template(
        contents,
    ...<2 lines>...
        self.engine,
    )
  File "E:\Quan.dang\mamnon_website\venv\Lib\site-packages\django\template\base.py", line 154, in __init__
    self.nodelist = self.compile_nodelist()
                    ~~~~~~~~~~~~~~~~~~~~~^^
  File "E:\Quan.dang\mamnon_website\venv\Lib\site-packages\django\template\base.py", line 200, in compile_nodelist
    return parser.parse()
           ~~~~~~~~~~~~^^
  File "E:\Quan.dang\mamnon_website\venv\Lib\site-packages\django\template\base.py", line 513, in parse
    raise self.error(token, e)
  File "E:\Quan.dang\mamnon_website\venv\Lib\site-packages\django\template\base.py", line 511, in parse
    compiled_result = compile_func(self, token)
  File "E:\Quan.dang\mamnon_website\venv\Lib\site-packages\django\template\defaulttags.py", line 853, in do_for
    nodelist_loop = parser.parse(
        (
    ...<2 lines>...
        )
    )
  File "E:\Quan.dang\mamnon_website\venv\Lib\site-packages\django\template\base.py", line 484, in parse
    raise self.error(token, e)
  File "E:\Quan.dang\mamnon_website\venv\Lib\site-packages\django\template\base.py", line 482, in parse
    filter_expression = self.compile_filter(token.contents)
  File "E:\Quan.dang\mamnon_website\venv\Lib\site-packages\django\template\base.py", line 600, in compile_filter
    return FilterExpression(token, self)
  File "E:\Quan.dang\mamnon_website\venv\Lib\site-packages\django\template\base.py", line 698, in __init__
    filter_func = parser.find_filter(filter_name)
  File "E:\Quan.dang\mamnon_website\venv\Lib\site-packages\django\template\base.py", line 606, in find_filter
    raise TemplateSyntaxError("Invalid filter: '%s'" % filter_name)
django.template.exceptions.TemplateSyntaxError: Invalid filter: 'mul'
ERROR 2025-07-28 18:04:42,339 basehttp 11920 27680 "GET /vi/ HTTP/1.1" 500 245871
INFO 2025-07-28 18:04:42,500 basehttp 11920 27680 "GET /favicon.ico HTTP/1.1" 302 0
WARNING 2025-07-28 18:04:42,510 log 11920 17108 Not Found: /vi/favicon.ico/
WARNING 2025-07-28 18:04:42,511 basehttp 11920 17108 "GET /vi/favicon.ico/ HTTP/1.1" 404 3716
ERROR 2025-07-28 18:30:26,482 log 11920 14676 Internal Server Error: /vi/
Traceback (most recent call last):
  File "E:\Quan.dang\mamnon_website\venv\Lib\site-packages\django\core\handlers\exception.py", line 55, in inner
    response = get_response(request)
  File "E:\Quan.dang\mamnon_website\venv\Lib\site-packages\django\core\handlers\base.py", line 220, in _get_response
    response = response.render()
  File "E:\Quan.dang\mamnon_website\venv\Lib\site-packages\django\template\response.py", line 114, in render
    self.content = self.rendered_content
                   ^^^^^^^^^^^^^^^^^^^^^
  File "E:\Quan.dang\mamnon_website\venv\Lib\site-packages\django\template\response.py", line 90, in rendered_content
    template = self.resolve_template(self.template_name)
  File "E:\Quan.dang\mamnon_website\venv\Lib\site-packages\django\template\response.py", line 74, in resolve_template
    return get_template(template, using=self.using)
  File "E:\Quan.dang\mamnon_website\venv\Lib\site-packages\django\template\loader.py", line 15, in get_template
    return engine.get_template(template_name)
           ~~~~~~~~~~~~~~~~~~~^^^^^^^^^^^^^^^
  File "E:\Quan.dang\mamnon_website\venv\Lib\site-packages\django\template\backends\django.py", line 33, in get_template
    return Template(self.engine.get_template(template_name), self)
                    ~~~~~~~~~~~~~~~~~~~~~~~~^^^^^^^^^^^^^^^
  File "E:\Quan.dang\mamnon_website\venv\Lib\site-packages\django\template\engine.py", line 175, in get_template
    template, origin = self.find_template(template_name)
                       ~~~~~~~~~~~~~~~~~~^^^^^^^^^^^^^^^
  File "E:\Quan.dang\mamnon_website\venv\Lib\site-packages\django\template\engine.py", line 157, in find_template
    template = loader.get_template(name, skip=skip)
  File "E:\Quan.dang\mamnon_website\venv\Lib\site-packages\django\template\loaders\cached.py", line 57, in get_template
    template = super().get_template(template_name, skip)
  File "E:\Quan.dang\mamnon_website\venv\Lib\site-packages\django\template\loaders\base.py", line 28, in get_template
    return Template(
        contents,
    ...<2 lines>...
        self.engine,
    )
  File "E:\Quan.dang\mamnon_website\venv\Lib\site-packages\django\template\base.py", line 154, in __init__
    self.nodelist = self.compile_nodelist()
                    ~~~~~~~~~~~~~~~~~~~~~^^
  File "E:\Quan.dang\mamnon_website\venv\Lib\site-packages\django\template\base.py", line 200, in compile_nodelist
    return parser.parse()
           ~~~~~~~~~~~~^^
  File "E:\Quan.dang\mamnon_website\venv\Lib\site-packages\django\template\base.py", line 513, in parse
    raise self.error(token, e)
  File "E:\Quan.dang\mamnon_website\venv\Lib\site-packages\django\template\base.py", line 511, in parse
    compiled_result = compile_func(self, token)
  File "E:\Quan.dang\mamnon_website\venv\Lib\site-packages\django\template\defaulttags.py", line 853, in do_for
    nodelist_loop = parser.parse(
        (
    ...<2 lines>...
        )
    )
  File "E:\Quan.dang\mamnon_website\venv\Lib\site-packages\django\template\base.py", line 484, in parse
    raise self.error(token, e)
  File "E:\Quan.dang\mamnon_website\venv\Lib\site-packages\django\template\base.py", line 482, in parse
    filter_expression = self.compile_filter(token.contents)
  File "E:\Quan.dang\mamnon_website\venv\Lib\site-packages\django\template\base.py", line 600, in compile_filter
    return FilterExpression(token, self)
  File "E:\Quan.dang\mamnon_website\venv\Lib\site-packages\django\template\base.py", line 698, in __init__
    filter_func = parser.find_filter(filter_name)
  File "E:\Quan.dang\mamnon_website\venv\Lib\site-packages\django\template\base.py", line 606, in find_filter
    raise TemplateSyntaxError("Invalid filter: '%s'" % filter_name)
django.template.exceptions.TemplateSyntaxError: Invalid filter: 'mul'
ERROR 2025-07-28 18:30:26,486 basehttp 11920 14676 "GET /vi/ HTTP/1.1" 500 246783
ERROR 2025-07-28 18:35:08,744 log 11920 14676 Internal Server Error: /vi/
Traceback (most recent call last):
  File "E:\Quan.dang\mamnon_website\venv\Lib\site-packages\django\core\handlers\exception.py", line 55, in inner
    response = get_response(request)
  File "E:\Quan.dang\mamnon_website\venv\Lib\site-packages\django\core\handlers\base.py", line 220, in _get_response
    response = response.render()
  File "E:\Quan.dang\mamnon_website\venv\Lib\site-packages\django\template\response.py", line 114, in render
    self.content = self.rendered_content
                   ^^^^^^^^^^^^^^^^^^^^^
  File "E:\Quan.dang\mamnon_website\venv\Lib\site-packages\django\template\response.py", line 90, in rendered_content
    template = self.resolve_template(self.template_name)
  File "E:\Quan.dang\mamnon_website\venv\Lib\site-packages\django\template\response.py", line 74, in resolve_template
    return get_template(template, using=self.using)
  File "E:\Quan.dang\mamnon_website\venv\Lib\site-packages\django\template\loader.py", line 15, in get_template
    return engine.get_template(template_name)
           ~~~~~~~~~~~~~~~~~~~^^^^^^^^^^^^^^^
  File "E:\Quan.dang\mamnon_website\venv\Lib\site-packages\django\template\backends\django.py", line 33, in get_template
    return Template(self.engine.get_template(template_name), self)
                    ~~~~~~~~~~~~~~~~~~~~~~~~^^^^^^^^^^^^^^^
  File "E:\Quan.dang\mamnon_website\venv\Lib\site-packages\django\template\engine.py", line 175, in get_template
    template, origin = self.find_template(template_name)
                       ~~~~~~~~~~~~~~~~~~^^^^^^^^^^^^^^^
  File "E:\Quan.dang\mamnon_website\venv\Lib\site-packages\django\template\engine.py", line 157, in find_template
    template = loader.get_template(name, skip=skip)
  File "E:\Quan.dang\mamnon_website\venv\Lib\site-packages\django\template\loaders\cached.py", line 57, in get_template
    template = super().get_template(template_name, skip)
  File "E:\Quan.dang\mamnon_website\venv\Lib\site-packages\django\template\loaders\base.py", line 28, in get_template
    return Template(
        contents,
    ...<2 lines>...
        self.engine,
    )
  File "E:\Quan.dang\mamnon_website\venv\Lib\site-packages\django\template\base.py", line 154, in __init__
    self.nodelist = self.compile_nodelist()
                    ~~~~~~~~~~~~~~~~~~~~~^^
  File "E:\Quan.dang\mamnon_website\venv\Lib\site-packages\django\template\base.py", line 200, in compile_nodelist
    return parser.parse()
           ~~~~~~~~~~~~^^
  File "E:\Quan.dang\mamnon_website\venv\Lib\site-packages\django\template\base.py", line 513, in parse
    raise self.error(token, e)
  File "E:\Quan.dang\mamnon_website\venv\Lib\site-packages\django\template\base.py", line 511, in parse
    compiled_result = compile_func(self, token)
  File "E:\Quan.dang\mamnon_website\venv\Lib\site-packages\django\template\defaulttags.py", line 853, in do_for
    nodelist_loop = parser.parse(
        (
    ...<2 lines>...
        )
    )
  File "E:\Quan.dang\mamnon_website\venv\Lib\site-packages\django\template\base.py", line 484, in parse
    raise self.error(token, e)
  File "E:\Quan.dang\mamnon_website\venv\Lib\site-packages\django\template\base.py", line 482, in parse
    filter_expression = self.compile_filter(token.contents)
  File "E:\Quan.dang\mamnon_website\venv\Lib\site-packages\django\template\base.py", line 600, in compile_filter
    return FilterExpression(token, self)
  File "E:\Quan.dang\mamnon_website\venv\Lib\site-packages\django\template\base.py", line 698, in __init__
    filter_func = parser.find_filter(filter_name)
  File "E:\Quan.dang\mamnon_website\venv\Lib\site-packages\django\template\base.py", line 606, in find_filter
    raise TemplateSyntaxError("Invalid filter: '%s'" % filter_name)
django.template.exceptions.TemplateSyntaxError: Invalid filter: 'mul'
ERROR 2025-07-28 18:35:08,748 basehttp 11920 14676 "GET /vi/ HTTP/1.1" 500 246783
ERROR 2025-07-28 18:35:57,295 log 11920 18756 Internal Server Error: /vi/
Traceback (most recent call last):
  File "E:\Quan.dang\mamnon_website\venv\Lib\site-packages\django\template\defaulttags.py", line 1026, in find_library
    return parser.libraries[name]
           ~~~~~~~~~~~~~~~~^^^^^^
KeyError: 'math_filters'

During handling of the above exception, another exception occurred:

Traceback (most recent call last):
  File "E:\Quan.dang\mamnon_website\venv\Lib\site-packages\django\core\handlers\exception.py", line 55, in inner
    response = get_response(request)
  File "E:\Quan.dang\mamnon_website\venv\Lib\site-packages\django\core\handlers\base.py", line 220, in _get_response
    response = response.render()
  File "E:\Quan.dang\mamnon_website\venv\Lib\site-packages\django\template\response.py", line 114, in render
    self.content = self.rendered_content
                   ^^^^^^^^^^^^^^^^^^^^^
  File "E:\Quan.dang\mamnon_website\venv\Lib\site-packages\django\template\response.py", line 90, in rendered_content
    template = self.resolve_template(self.template_name)
  File "E:\Quan.dang\mamnon_website\venv\Lib\site-packages\django\template\response.py", line 74, in resolve_template
    return get_template(template, using=self.using)
  File "E:\Quan.dang\mamnon_website\venv\Lib\site-packages\django\template\loader.py", line 15, in get_template
    return engine.get_template(template_name)
           ~~~~~~~~~~~~~~~~~~~^^^^^^^^^^^^^^^
  File "E:\Quan.dang\mamnon_website\venv\Lib\site-packages\django\template\backends\django.py", line 33, in get_template
    return Template(self.engine.get_template(template_name), self)
                    ~~~~~~~~~~~~~~~~~~~~~~~~^^^^^^^^^^^^^^^
  File "E:\Quan.dang\mamnon_website\venv\Lib\site-packages\django\template\engine.py", line 175, in get_template
    template, origin = self.find_template(template_name)
                       ~~~~~~~~~~~~~~~~~~^^^^^^^^^^^^^^^
  File "E:\Quan.dang\mamnon_website\venv\Lib\site-packages\django\template\engine.py", line 157, in find_template
    template = loader.get_template(name, skip=skip)
  File "E:\Quan.dang\mamnon_website\venv\Lib\site-packages\django\template\loaders\cached.py", line 57, in get_template
    template = super().get_template(template_name, skip)
  File "E:\Quan.dang\mamnon_website\venv\Lib\site-packages\django\template\loaders\base.py", line 28, in get_template
    return Template(
        contents,
    ...<2 lines>...
        self.engine,
    )
  File "E:\Quan.dang\mamnon_website\venv\Lib\site-packages\django\template\base.py", line 154, in __init__
    self.nodelist = self.compile_nodelist()
                    ~~~~~~~~~~~~~~~~~~~~~^^
  File "E:\Quan.dang\mamnon_website\venv\Lib\site-packages\django\template\base.py", line 200, in compile_nodelist
    return parser.parse()
           ~~~~~~~~~~~~^^
  File "E:\Quan.dang\mamnon_website\venv\Lib\site-packages\django\template\base.py", line 513, in parse
    raise self.error(token, e)
  File "E:\Quan.dang\mamnon_website\venv\Lib\site-packages\django\template\base.py", line 511, in parse
    compiled_result = compile_func(self, token)
  File "E:\Quan.dang\mamnon_website\venv\Lib\site-packages\django\template\defaulttags.py", line 1088, in load
    lib = find_library(parser, name)
  File "E:\Quan.dang\mamnon_website\venv\Lib\site-packages\django\template\defaulttags.py", line 1028, in find_library
    raise TemplateSyntaxError(
    ...<5 lines>...
    )
django.template.exceptions.TemplateSyntaxError: 'math_filters' is not a registered tag library. Must be one of:
admin_list
admin_modify
admin_style_tags
admin_tree
admin_tree_list
admin_urls
cache
cms_admin
cms_alias_tags
cms_js_tags
cms_static
cms_tags
cropping
djangocms_text_ckeditor_tags
easy_thumbnails_tags
filer_admin_tags
filer_image_tags
filer_tags
i18n
l10n
log
menu_tags
sekizai_tags
static
thumbnail
tz
ERROR 2025-07-28 18:35:57,299 basehttp 11920 18756 "GET /vi/ HTTP/1.1" 500 209607
ERROR 2025-07-28 18:35:58,675 log 11920 18756 Internal Server Error: /vi/
Traceback (most recent call last):
  File "E:\Quan.dang\mamnon_website\venv\Lib\site-packages\django\template\defaulttags.py", line 1026, in find_library
    return parser.libraries[name]
           ~~~~~~~~~~~~~~~~^^^^^^
KeyError: 'math_filters'

During handling of the above exception, another exception occurred:

Traceback (most recent call last):
  File "E:\Quan.dang\mamnon_website\venv\Lib\site-packages\django\core\handlers\exception.py", line 55, in inner
    response = get_response(request)
  File "E:\Quan.dang\mamnon_website\venv\Lib\site-packages\django\core\handlers\base.py", line 220, in _get_response
    response = response.render()
  File "E:\Quan.dang\mamnon_website\venv\Lib\site-packages\django\template\response.py", line 114, in render
    self.content = self.rendered_content
                   ^^^^^^^^^^^^^^^^^^^^^
  File "E:\Quan.dang\mamnon_website\venv\Lib\site-packages\django\template\response.py", line 90, in rendered_content
    template = self.resolve_template(self.template_name)
  File "E:\Quan.dang\mamnon_website\venv\Lib\site-packages\django\template\response.py", line 74, in resolve_template
    return get_template(template, using=self.using)
  File "E:\Quan.dang\mamnon_website\venv\Lib\site-packages\django\template\loader.py", line 15, in get_template
    return engine.get_template(template_name)
           ~~~~~~~~~~~~~~~~~~~^^^^^^^^^^^^^^^
  File "E:\Quan.dang\mamnon_website\venv\Lib\site-packages\django\template\backends\django.py", line 33, in get_template
    return Template(self.engine.get_template(template_name), self)
                    ~~~~~~~~~~~~~~~~~~~~~~~~^^^^^^^^^^^^^^^
  File "E:\Quan.dang\mamnon_website\venv\Lib\site-packages\django\template\engine.py", line 175, in get_template
    template, origin = self.find_template(template_name)
                       ~~~~~~~~~~~~~~~~~~^^^^^^^^^^^^^^^
  File "E:\Quan.dang\mamnon_website\venv\Lib\site-packages\django\template\engine.py", line 157, in find_template
    template = loader.get_template(name, skip=skip)
  File "E:\Quan.dang\mamnon_website\venv\Lib\site-packages\django\template\loaders\cached.py", line 57, in get_template
    template = super().get_template(template_name, skip)
  File "E:\Quan.dang\mamnon_website\venv\Lib\site-packages\django\template\loaders\base.py", line 28, in get_template
    return Template(
        contents,
    ...<2 lines>...
        self.engine,
    )
  File "E:\Quan.dang\mamnon_website\venv\Lib\site-packages\django\template\base.py", line 154, in __init__
    self.nodelist = self.compile_nodelist()
                    ~~~~~~~~~~~~~~~~~~~~~^^
  File "E:\Quan.dang\mamnon_website\venv\Lib\site-packages\django\template\base.py", line 200, in compile_nodelist
    return parser.parse()
           ~~~~~~~~~~~~^^
  File "E:\Quan.dang\mamnon_website\venv\Lib\site-packages\django\template\base.py", line 513, in parse
    raise self.error(token, e)
  File "E:\Quan.dang\mamnon_website\venv\Lib\site-packages\django\template\base.py", line 511, in parse
    compiled_result = compile_func(self, token)
  File "E:\Quan.dang\mamnon_website\venv\Lib\site-packages\django\template\defaulttags.py", line 1088, in load
    lib = find_library(parser, name)
  File "E:\Quan.dang\mamnon_website\venv\Lib\site-packages\django\template\defaulttags.py", line 1028, in find_library
    raise TemplateSyntaxError(
    ...<5 lines>...
    )
django.template.exceptions.TemplateSyntaxError: 'math_filters' is not a registered tag library. Must be one of:
admin_list
admin_modify
admin_style_tags
admin_tree
admin_tree_list
admin_urls
cache
cms_admin
cms_alias_tags
cms_js_tags
cms_static
cms_tags
cropping
djangocms_text_ckeditor_tags
easy_thumbnails_tags
filer_admin_tags
filer_image_tags
filer_tags
i18n
l10n
log
menu_tags
sekizai_tags
static
thumbnail
tz
ERROR 2025-07-28 18:35:58,679 basehttp 11920 18756 "GET /vi/ HTTP/1.1" 500 209607
INFO 2025-07-28 18:42:25,423 autoreload 28340 25624 Watching for file changes with StatReloader
INFO 2025-07-28 18:42:27,430 basehttp 28340 25424 "GET /vi/ HTTP/1.1" 200 58650
INFO 2025-07-28 18:42:27,439 basehttp 28340 25424 "GET /static/css/style.css HTTP/1.1" 200 59826
INFO 2025-07-28 18:42:27,461 basehttp 28340 25704 "GET /media/hero_slides/corn-cobs-plantation-field-600nw-2477557971.webp HTTP/1.1" 200 76222
INFO 2025-07-28 18:42:27,463 basehttp 28340 25424 "GET /media/hero_slides/62681_10_24.jpeg HTTP/1.1" 200 134225
INFO 2025-07-28 18:42:27,474 basehttp 28340 29316 "GET /media/hero_backgrounds/chil1_fDTcPMM.png HTTP/1.1" 302 0
WARNING 2025-07-28 18:42:27,603 log 28340 25424 Not Found: /vi/media/hero_backgrounds/chil1_fDTcPMM.png/
WARNING 2025-07-28 18:42:27,603 basehttp 28340 25424 "GET /vi/media/hero_backgrounds/chil1_fDTcPMM.png/ HTTP/1.1" 404 3803
INFO 2025-07-28 18:42:50,418 basehttp 28340 16032 "GET /vi/ HTTP/1.1" 200 58650
INFO 2025-07-28 18:42:50,449 basehttp 28340 16032 "GET /static/css/style.css HTTP/1.1" 200 59826
INFO 2025-07-28 18:42:50,519 basehttp 28340 9776 "GET /media/hero_slides/corn-cobs-plantation-field-600nw-2477557971.webp HTTP/1.1" 200 76222
INFO 2025-07-28 18:42:50,521 basehttp 28340 25860 "GET /media/hero_backgrounds/chil1_fDTcPMM.png HTTP/1.1" 302 0
INFO 2025-07-28 18:42:50,522 basehttp 28340 16032 "GET /media/hero_slides/62681_10_24.jpeg HTTP/1.1" 200 134225
WARNING 2025-07-28 18:42:50,606 log 28340 16032 Not Found: /vi/media/hero_backgrounds/chil1_fDTcPMM.png/
WARNING 2025-07-28 18:42:50,607 basehttp 28340 16032 "GET /vi/media/hero_backgrounds/chil1_fDTcPMM.png/ HTTP/1.1" 404 3803
INFO 2025-07-28 18:42:55,039 basehttp 28340 16032 "GET /.well-known/appspecific/com.chrome.devtools.json HTTP/1.1" 302 0
WARNING 2025-07-28 18:42:55,052 log 28340 9776 Not Found: /vi/.well-known/appspecific/com.chrome.devtools.json/
WARNING 2025-07-28 18:42:55,052 basehttp 28340 9776 "GET /vi/.well-known/appspecific/com.chrome.devtools.json/ HTTP/1.1" 404 3827
INFO 2025-07-28 18:44:17,277 basehttp 28340 9776 "GET /vi/ HTTP/1.1" 200 58650
INFO 2025-07-28 18:46:40,961 basehttp 28340 25424 "GET /vi/ HTTP/1.1" 200 58650
INFO 2025-07-28 18:46:40,970 basehttp 28340 25424 "GET /static/css/style.css HTTP/1.1" 304 0
INFO 2025-07-28 18:46:40,988 basehttp 28340 25424 "GET /media/hero_backgrounds/chil1_fDTcPMM.png HTTP/1.1" 302 0
WARNING 2025-07-28 18:46:41,014 log 28340 25704 Not Found: /vi/media/hero_backgrounds/chil1_fDTcPMM.png/
WARNING 2025-07-28 18:46:41,014 basehttp 28340 25704 "GET /vi/media/hero_backgrounds/chil1_fDTcPMM.png/ HTTP/1.1" 404 3803
INFO 2025-07-28 18:46:53,080 basehttp 28340 25704 "GET /vi/ HTTP/1.1" 200 58650
INFO 2025-07-28 18:46:53,101 basehttp 28340 25704 "GET /media/hero_backgrounds/chil1_fDTcPMM.png HTTP/1.1" 302 0
WARNING 2025-07-28 18:46:53,118 log 28340 29528 Not Found: /vi/media/hero_backgrounds/chil1_fDTcPMM.png/
WARNING 2025-07-28 18:46:53,119 basehttp 28340 29528 "GET /vi/media/hero_backgrounds/chil1_fDTcPMM.png/ HTTP/1.1" 404 3803
INFO 2025-07-28 18:46:57,243 basehttp 28340 29528 "GET /vi/ HTTP/1.1" 200 58650
INFO 2025-07-28 18:46:57,264 basehttp 28340 29528 "GET /media/hero_backgrounds/chil1_fDTcPMM.png HTTP/1.1" 302 0
WARNING 2025-07-28 18:46:57,283 log 28340 2280 Not Found: /vi/media/hero_backgrounds/chil1_fDTcPMM.png/
WARNING 2025-07-28 18:46:57,283 basehttp 28340 2280 "GET /vi/media/hero_backgrounds/chil1_fDTcPMM.png/ HTTP/1.1" 404 3803
INFO 2025-07-28 18:47:19,251 basehttp 28340 2280 "GET /vi/ HTTP/1.1" 200 58650
INFO 2025-07-28 18:47:19,278 basehttp 28340 2280 "GET /media/hero_backgrounds/chil1_fDTcPMM.png HTTP/1.1" 302 0
WARNING 2025-07-28 18:47:19,295 log 28340 27264 Not Found: /vi/media/hero_backgrounds/chil1_fDTcPMM.png/
WARNING 2025-07-28 18:47:19,296 basehttp 28340 27264 "GET /vi/media/hero_backgrounds/chil1_fDTcPMM.png/ HTTP/1.1" 404 3803
