INFO 2025-07-27 22:26:08,809 autoreload 27500 28980 Watching for file changes with StatReloader
INFO 2025-07-27 22:26:58,983 basehttp 27500 31000 "GET / HTTP/1.1" 302 0
INFO 2025-07-27 22:26:59,039 basehttp 27500 30944 "GET /vi/ HTTP/1.1" 200 55370
INFO 2025-07-27 22:26:59,283 basehttp 27500 29836 "GET /media/hero_slides/corn-cobs-plantation-field-600nw-2477557971.webp HTTP/1.1" 200 76222
INFO 2025-07-27 22:26:59,286 basehttp 27500 30944 "GET /media/hero_slides/62681_10_24.jpeg HTTP/1.1" 200 134225
INFO 2025-07-27 22:26:59,288 basehttp 27500 1944 "GET /media/hero_backgrounds/chil1_fDTcPMM.png HTTP/1.1" 302 0
WARNING 2025-07-27 22:26:59,482 log 27500 30944 Not Found: /vi/media/hero_backgrounds/chil1_fDTcPMM.png/
WARNING 2025-07-27 22:26:59,483 basehttp 27500 30944 "GET /vi/media/hero_backgrounds/chil1_fDTcPMM.png/ HTTP/1.1" 404 3803
INFO 2025-07-27 22:27:19,460 basehttp 27500 30944 "GET /.well-known/appspecific/com.chrome.devtools.json HTTP/1.1" 302 0
WARNING 2025-07-27 22:27:19,474 log 27500 29836 Not Found: /vi/.well-known/appspecific/com.chrome.devtools.json/
WARNING 2025-07-27 22:27:19,475 basehttp 27500 29836 "GET /vi/.well-known/appspecific/com.chrome.devtools.json/ HTTP/1.1" 404 3827
INFO 2025-07-27 22:29:15,222 basehttp 27500 29836 "GET /.well-known/appspecific/com.chrome.devtools.json HTTP/1.1" 302 0
WARNING 2025-07-27 22:29:15,236 log 27500 19228 Not Found: /vi/.well-known/appspecific/com.chrome.devtools.json/
WARNING 2025-07-27 22:29:15,237 basehttp 27500 19228 "GET /vi/.well-known/appspecific/com.chrome.devtools.json/ HTTP/1.1" 404 3827
INFO 2025-07-28 15:58:10,198 autoreload 25652 6304 Watching for file changes with StatReloader
INFO 2025-07-28 15:58:16,772 basehttp 25652 8780 "GET / HTTP/1.1" 302 0
INFO 2025-07-28 15:58:16,816 basehttp 25652 3028 "GET /vi/ HTTP/1.1" 200 55370
INFO 2025-07-28 15:58:16,950 basehttp 25652 19280 "GET /media/hero_slides/corn-cobs-plantation-field-600nw-2477557971.webp HTTP/1.1" 200 76222
INFO 2025-07-28 15:58:16,951 basehttp 25652 13256 "GET /media/hero_backgrounds/chil1_fDTcPMM.png HTTP/1.1" 302 0
INFO 2025-07-28 15:58:16,952 basehttp 25652 3028 "GET /media/hero_slides/62681_10_24.jpeg HTTP/1.1" 200 134225
WARNING 2025-07-28 15:58:17,139 log 25652 3028 Not Found: /vi/media/hero_backgrounds/chil1_fDTcPMM.png/
WARNING 2025-07-28 15:58:17,141 basehttp 25652 3028 "GET /vi/media/hero_backgrounds/chil1_fDTcPMM.png/ HTTP/1.1" 404 3803
INFO 2025-07-28 15:58:17,394 basehttp 25652 3028 "GET /favicon.ico HTTP/1.1" 302 0
WARNING 2025-07-28 15:58:17,406 log 25652 19280 Not Found: /vi/favicon.ico/
WARNING 2025-07-28 15:58:17,407 basehttp 25652 19280 "GET /vi/favicon.ico/ HTTP/1.1" 404 3716
INFO 2025-07-28 16:41:13,520 autoreload 27224 21048 Watching for file changes with StatReloader
INFO 2025-07-28 16:41:15,132 basehttp 27224 28564 "GET / HTTP/1.1" 302 0
ERROR 2025-07-28 16:41:15,465 log 27224 26232 Internal Server Error: /vi/
Traceback (most recent call last):
  File "E:\Quan.dang\mamnon_website\venv\Lib\site-packages\cms\templatetags\cms_tags.py", line 89, in _get_page_by_untyped_arg
    return pages.get(**page_lookup)
           ~~~~~~~~~^^^^^^^^^^^^^^^
  File "E:\Quan.dang\mamnon_website\venv\Lib\site-packages\django\db\models\query.py", line 637, in get
    raise self.model.DoesNotExist(
        "%s matching query does not exist." % self.model._meta.object_name
    )
cms.models.pagemodel.Page.DoesNotExist: Page matching query does not exist.

During handling of the above exception, another exception occurred:

Traceback (most recent call last):
  File "E:\Quan.dang\mamnon_website\venv\Lib\site-packages\django\core\handlers\exception.py", line 55, in inner
    response = get_response(request)
  File "E:\Quan.dang\mamnon_website\venv\Lib\site-packages\django\core\handlers\base.py", line 220, in _get_response
    response = response.render()
  File "E:\Quan.dang\mamnon_website\venv\Lib\site-packages\django\template\response.py", line 114, in render
    self.content = self.rendered_content
                   ^^^^^^^^^^^^^^^^^^^^^
  File "E:\Quan.dang\mamnon_website\venv\Lib\site-packages\django\template\response.py", line 92, in rendered_content
    return template.render(context, self._request)
           ~~~~~~~~~~~~~~~^^^^^^^^^^^^^^^^^^^^^^^^
  File "E:\Quan.dang\mamnon_website\venv\Lib\site-packages\django\template\backends\django.py", line 61, in render
    return self.template.render(context)
           ~~~~~~~~~~~~~~~~~~~~^^^^^^^^^
  File "E:\Quan.dang\mamnon_website\venv\Lib\site-packages\django\template\base.py", line 175, in render
    return self._render(context)
           ~~~~~~~~~~~~^^^^^^^^^
  File "E:\Quan.dang\mamnon_website\venv\Lib\site-packages\django\template\base.py", line 167, in _render
    return self.nodelist.render(context)
           ~~~~~~~~~~~~~~~~~~~~^^^^^^^^^
  File "E:\Quan.dang\mamnon_website\venv\Lib\site-packages\django\template\base.py", line 1005, in render
    return SafeString("".join([node.render_annotated(context) for node in self]))
                               ~~~~~~~~~~~~~~~~~~~~~^^^^^^^^^
  File "E:\Quan.dang\mamnon_website\venv\Lib\site-packages\django\template\base.py", line 966, in render_annotated
    return self.render(context)
           ~~~~~~~~~~~^^^^^^^^^
  File "E:\Quan.dang\mamnon_website\venv\Lib\site-packages\django\template\loader_tags.py", line 157, in render
    return compiled_parent._render(context)
           ~~~~~~~~~~~~~~~~~~~~~~~^^^^^^^^^
  File "E:\Quan.dang\mamnon_website\venv\Lib\site-packages\django\template\base.py", line 167, in _render
    return self.nodelist.render(context)
           ~~~~~~~~~~~~~~~~~~~~^^^^^^^^^
  File "E:\Quan.dang\mamnon_website\venv\Lib\site-packages\django\template\base.py", line 1005, in render
    return SafeString("".join([node.render_annotated(context) for node in self]))
                               ~~~~~~~~~~~~~~~~~~~~~^^^^^^^^^
  File "E:\Quan.dang\mamnon_website\venv\Lib\site-packages\django\template\base.py", line 966, in render_annotated
    return self.render(context)
           ~~~~~~~~~~~^^^^^^^^^
  File "E:\Quan.dang\mamnon_website\venv\Lib\site-packages\classytags\core.py", line 142, in render
    return str(self.render_tag(context, **kwargs))
               ~~~~~~~~~~~~~~~^^^^^^^^^^^^^^^^^^^
  File "E:\Quan.dang\mamnon_website\venv\Lib\site-packages\sekizai\templatetags\sekizai_tags.py", line 87, in render_tag
    rendered_contents = nodelist.render(context)
  File "E:\Quan.dang\mamnon_website\venv\Lib\site-packages\django\template\base.py", line 1005, in render
    return SafeString("".join([node.render_annotated(context) for node in self]))
                               ~~~~~~~~~~~~~~~~~~~~~^^^^^^^^^
  File "E:\Quan.dang\mamnon_website\venv\Lib\site-packages\django\template\base.py", line 966, in render_annotated
    return self.render(context)
           ~~~~~~~~~~~^^^^^^^^^
  File "E:\Quan.dang\mamnon_website\venv\Lib\site-packages\classytags\core.py", line 142, in render
    return str(self.render_tag(context, **kwargs))
               ~~~~~~~~~~~~~~~^^^^^^^^^^^^^^^^^^^
  File "E:\Quan.dang\mamnon_website\venv\Lib\site-packages\cms\templatetags\cms_tags.py", line 471, in render_tag
    return toolbar.render_with_structure(context, nodelist)
           ~~~~~~~~~~~~~~~~~~~~~~~~~~~~~^^^^^^^^^^^^^^^^^^^
  File "E:\Quan.dang\mamnon_website\venv\Lib\site-packages\cms\toolbar\toolbar.py", line 557, in render_with_structure
    rendered_contents = nodelist.render(context)
  File "E:\Quan.dang\mamnon_website\venv\Lib\site-packages\django\template\base.py", line 1005, in render
    return SafeString("".join([node.render_annotated(context) for node in self]))
                               ~~~~~~~~~~~~~~~~~~~~~^^^^^^^^^
  File "E:\Quan.dang\mamnon_website\venv\Lib\site-packages\django\template\base.py", line 966, in render_annotated
    return self.render(context)
           ~~~~~~~~~~~^^^^^^^^^
  File "E:\Quan.dang\mamnon_website\venv\Lib\site-packages\classytags\core.py", line 142, in render
    return str(self.render_tag(context, **kwargs))
               ~~~~~~~~~~~~~~~^^^^^^^^^^^^^^^^^^^
  File "E:\Quan.dang\mamnon_website\venv\Lib\site-packages\classytags\helpers.py", line 41, in render_tag
    value = self.get_value(context, **kwargs)
  File "E:\Quan.dang\mamnon_website\venv\Lib\site-packages\cms\templatetags\cms_tags.py", line 262, in get_value
    page = _get_page_by_untyped_arg(page_lookup, request, site_id)
  File "E:\Quan.dang\mamnon_website\venv\Lib\site-packages\cms\templatetags\cms_tags.py", line 97, in _get_page_by_untyped_arg
    raise Page.DoesNotExist(body)
cms.models.pagemodel.Page.DoesNotExist: A template tag couldn't find the page with lookup arguments `{'reverse_id': 'about'}
`. The URL of the request was: http://example.com/vi/
ERROR 2025-07-28 16:41:15,477 basehttp 27224 26232 "GET /vi/ HTTP/1.1" 500 237446
ERROR 2025-07-28 16:41:22,467 log 27224 26232 Internal Server Error: /vi/
Traceback (most recent call last):
  File "E:\Quan.dang\mamnon_website\venv\Lib\site-packages\cms\templatetags\cms_tags.py", line 89, in _get_page_by_untyped_arg
    return pages.get(**page_lookup)
           ~~~~~~~~~^^^^^^^^^^^^^^^
  File "E:\Quan.dang\mamnon_website\venv\Lib\site-packages\django\db\models\query.py", line 637, in get
    raise self.model.DoesNotExist(
        "%s matching query does not exist." % self.model._meta.object_name
    )
cms.models.pagemodel.Page.DoesNotExist: Page matching query does not exist.

During handling of the above exception, another exception occurred:

Traceback (most recent call last):
  File "E:\Quan.dang\mamnon_website\venv\Lib\site-packages\django\core\handlers\exception.py", line 55, in inner
    response = get_response(request)
  File "E:\Quan.dang\mamnon_website\venv\Lib\site-packages\django\core\handlers\base.py", line 220, in _get_response
    response = response.render()
  File "E:\Quan.dang\mamnon_website\venv\Lib\site-packages\django\template\response.py", line 114, in render
    self.content = self.rendered_content
                   ^^^^^^^^^^^^^^^^^^^^^
  File "E:\Quan.dang\mamnon_website\venv\Lib\site-packages\django\template\response.py", line 92, in rendered_content
    return template.render(context, self._request)
           ~~~~~~~~~~~~~~~^^^^^^^^^^^^^^^^^^^^^^^^
  File "E:\Quan.dang\mamnon_website\venv\Lib\site-packages\django\template\backends\django.py", line 61, in render
    return self.template.render(context)
           ~~~~~~~~~~~~~~~~~~~~^^^^^^^^^
  File "E:\Quan.dang\mamnon_website\venv\Lib\site-packages\django\template\base.py", line 175, in render
    return self._render(context)
           ~~~~~~~~~~~~^^^^^^^^^
  File "E:\Quan.dang\mamnon_website\venv\Lib\site-packages\django\template\base.py", line 167, in _render
    return self.nodelist.render(context)
           ~~~~~~~~~~~~~~~~~~~~^^^^^^^^^
  File "E:\Quan.dang\mamnon_website\venv\Lib\site-packages\django\template\base.py", line 1005, in render
    return SafeString("".join([node.render_annotated(context) for node in self]))
                               ~~~~~~~~~~~~~~~~~~~~~^^^^^^^^^
  File "E:\Quan.dang\mamnon_website\venv\Lib\site-packages\django\template\base.py", line 966, in render_annotated
    return self.render(context)
           ~~~~~~~~~~~^^^^^^^^^
  File "E:\Quan.dang\mamnon_website\venv\Lib\site-packages\django\template\loader_tags.py", line 157, in render
    return compiled_parent._render(context)
           ~~~~~~~~~~~~~~~~~~~~~~~^^^^^^^^^
  File "E:\Quan.dang\mamnon_website\venv\Lib\site-packages\django\template\base.py", line 167, in _render
    return self.nodelist.render(context)
           ~~~~~~~~~~~~~~~~~~~~^^^^^^^^^
  File "E:\Quan.dang\mamnon_website\venv\Lib\site-packages\django\template\base.py", line 1005, in render
    return SafeString("".join([node.render_annotated(context) for node in self]))
                               ~~~~~~~~~~~~~~~~~~~~~^^^^^^^^^
  File "E:\Quan.dang\mamnon_website\venv\Lib\site-packages\django\template\base.py", line 966, in render_annotated
    return self.render(context)
           ~~~~~~~~~~~^^^^^^^^^
  File "E:\Quan.dang\mamnon_website\venv\Lib\site-packages\classytags\core.py", line 142, in render
    return str(self.render_tag(context, **kwargs))
               ~~~~~~~~~~~~~~~^^^^^^^^^^^^^^^^^^^
  File "E:\Quan.dang\mamnon_website\venv\Lib\site-packages\sekizai\templatetags\sekizai_tags.py", line 87, in render_tag
    rendered_contents = nodelist.render(context)
  File "E:\Quan.dang\mamnon_website\venv\Lib\site-packages\django\template\base.py", line 1005, in render
    return SafeString("".join([node.render_annotated(context) for node in self]))
                               ~~~~~~~~~~~~~~~~~~~~~^^^^^^^^^
  File "E:\Quan.dang\mamnon_website\venv\Lib\site-packages\django\template\base.py", line 966, in render_annotated
    return self.render(context)
           ~~~~~~~~~~~^^^^^^^^^
  File "E:\Quan.dang\mamnon_website\venv\Lib\site-packages\classytags\core.py", line 142, in render
    return str(self.render_tag(context, **kwargs))
               ~~~~~~~~~~~~~~~^^^^^^^^^^^^^^^^^^^
  File "E:\Quan.dang\mamnon_website\venv\Lib\site-packages\cms\templatetags\cms_tags.py", line 471, in render_tag
    return toolbar.render_with_structure(context, nodelist)
           ~~~~~~~~~~~~~~~~~~~~~~~~~~~~~^^^^^^^^^^^^^^^^^^^
  File "E:\Quan.dang\mamnon_website\venv\Lib\site-packages\cms\toolbar\toolbar.py", line 557, in render_with_structure
    rendered_contents = nodelist.render(context)
  File "E:\Quan.dang\mamnon_website\venv\Lib\site-packages\django\template\base.py", line 1005, in render
    return SafeString("".join([node.render_annotated(context) for node in self]))
                               ~~~~~~~~~~~~~~~~~~~~~^^^^^^^^^
  File "E:\Quan.dang\mamnon_website\venv\Lib\site-packages\django\template\base.py", line 966, in render_annotated
    return self.render(context)
           ~~~~~~~~~~~^^^^^^^^^
  File "E:\Quan.dang\mamnon_website\venv\Lib\site-packages\classytags\core.py", line 142, in render
    return str(self.render_tag(context, **kwargs))
               ~~~~~~~~~~~~~~~^^^^^^^^^^^^^^^^^^^
  File "E:\Quan.dang\mamnon_website\venv\Lib\site-packages\classytags\helpers.py", line 41, in render_tag
    value = self.get_value(context, **kwargs)
  File "E:\Quan.dang\mamnon_website\venv\Lib\site-packages\cms\templatetags\cms_tags.py", line 262, in get_value
    page = _get_page_by_untyped_arg(page_lookup, request, site_id)
  File "E:\Quan.dang\mamnon_website\venv\Lib\site-packages\cms\templatetags\cms_tags.py", line 97, in _get_page_by_untyped_arg
    raise Page.DoesNotExist(body)
cms.models.pagemodel.Page.DoesNotExist: A template tag couldn't find the page with lookup arguments `{'reverse_id': 'about'}
`. The URL of the request was: http://example.com/vi/
ERROR 2025-07-28 16:41:22,472 basehttp 27224 26232 "GET /vi/ HTTP/1.1" 500 237583
INFO 2025-07-28 16:41:41,167 basehttp 27224 26232 "GET /vi/ HTTP/1.1" 200 22469
INFO 2025-07-28 16:42:03,754 basehttp 27224 26232 "GET /vi/ HTTP/1.1" 200 55370
INFO 2025-07-28 16:42:03,834 basehttp 27224 22560 "GET /media/hero_backgrounds/chil1_fDTcPMM.png HTTP/1.1" 302 0
INFO 2025-07-28 16:42:03,838 basehttp 27224 26232 "GET /media/hero_slides/62681_10_24.jpeg HTTP/1.1" 200 134225
INFO 2025-07-28 16:42:03,840 basehttp 27224 3516 "GET /media/hero_slides/corn-cobs-plantation-field-600nw-2477557971.webp HTTP/1.1" 200 76222
WARNING 2025-07-28 16:42:03,889 log 27224 3516 Not Found: /vi/media/hero_backgrounds/chil1_fDTcPMM.png/
WARNING 2025-07-28 16:42:03,890 basehttp 27224 3516 "GET /vi/media/hero_backgrounds/chil1_fDTcPMM.png/ HTTP/1.1" 404 3803
INFO 2025-07-28 16:51:04,706 basehttp 27224 26632 "GET /admin/ HTTP/1.1" 200 19458
INFO 2025-07-28 16:51:04,742 basehttp 27224 26632 "GET /static/admin/css/base.css HTTP/1.1" 200 21207
INFO 2025-07-28 16:51:04,752 basehttp 27224 14844 "GET /static/admin/css/dark_mode.css HTTP/1.1" 200 2929
INFO 2025-07-28 16:51:04,757 basehttp 27224 26632 "GET /static/djangocms_admin_style/css/djangocms-admin.css HTTP/1.1" 304 0
INFO 2025-07-28 16:51:04,757 basehttp 27224 4452 "GET /static/admin/css/dashboard.css HTTP/1.1" 304 0
INFO 2025-07-28 16:51:04,759 basehttp 27224 13888 "GET /static/admin/css/nav_sidebar.css HTTP/1.1" 200 2694
INFO 2025-07-28 16:51:04,760 basehttp 27224 28272 "GET /static/admin/css/responsive.css HTTP/1.1" 200 18533
INFO 2025-07-28 16:51:04,761 basehttp 27224 24544 "GET /static/djangocms_admin_style/js/dist/bundle.adminstyle.min.js HTTP/1.1" 200 105093
INFO 2025-07-28 16:51:04,804 basehttp 27224 24544 "GET /static/admin/js/theme.js HTTP/1.1" 200 1943
INFO 2025-07-28 16:51:04,820 basehttp 27224 24544 "GET /static/admin/js/nav_sidebar.js HTTP/1.1" 200 3063
INFO 2025-07-28 16:51:04,850 basehttp 27224 24544 "GET /static/djangocms_admin_style/img/icon_arrow_right.png HTTP/1.1" 200 15812
INFO 2025-07-28 16:51:04,868 basehttp 27224 24544 "GET /static/djangocms_admin_style/fonts/django-admin-iconfont.woff2?v=3.2.0 HTTP/1.1" 200 8788
INFO 2025-07-28 17:29:05,385 autoreload 3632 18736 Watching for file changes with StatReloader
INFO 2025-07-28 17:29:07,747 basehttp 3632 24412 "GET / HTTP/1.1" 302 0
INFO 2025-07-28 17:29:07,829 basehttp 3632 17664 "GET /vi/ HTTP/1.1" 200 39380
WARNING 2025-07-28 17:29:07,892 basehttp 3632 17664 "GET /static/css/output.css HTTP/1.1" 404 1902
INFO 2025-07-28 17:29:07,993 basehttp 3632 19276 "GET /media/hero_slides/corn-cobs-plantation-field-600nw-2477557971.webp HTTP/1.1" 200 76222
INFO 2025-07-28 17:29:07,995 basehttp 3632 11196 "GET /media/hero_slides/62681_10_24.jpeg HTTP/1.1" 200 134225
INFO 2025-07-28 17:29:07,995 basehttp 3632 21840 "GET /media/hero_backgrounds/chil1_fDTcPMM.png HTTP/1.1" 302 0
WARNING 2025-07-28 17:29:08,091 log 3632 11196 Not Found: /vi/media/hero_backgrounds/chil1_fDTcPMM.png/
WARNING 2025-07-28 17:29:08,092 basehttp 3632 11196 "GET /vi/media/hero_backgrounds/chil1_fDTcPMM.png/ HTTP/1.1" 404 3803
INFO 2025-07-28 17:29:08,234 basehttp 3632 11196 "GET /sw.js HTTP/1.1" 302 0
WARNING 2025-07-28 17:29:08,364 basehttp 3632 19276 "GET /static/images/favicon.ico HTTP/1.1" 404 1914
WARNING 2025-07-28 17:29:08,374 basehttp 3632 3996 "GET /static/images/favicon-32x32.png HTTP/1.1" 404 1932
WARNING 2025-07-28 17:29:08,383 basehttp 3632 4300 "GET /static/images/favicon-16x16.png HTTP/1.1" 404 1932
INFO 2025-07-28 17:29:18,566 basehttp 3632 10988 "GET /vi/ HTTP/1.1" 200 55370
INFO 2025-07-28 17:29:18,628 basehttp 3632 1008 "GET /media/hero_backgrounds/chil1_fDTcPMM.png HTTP/1.1" 302 0
INFO 2025-07-28 17:29:18,628 basehttp 3632 13144 "GET /media/hero_slides/corn-cobs-plantation-field-600nw-2477557971.webp HTTP/1.1" 200 76222
INFO 2025-07-28 17:29:18,628 basehttp 3632 10988 "GET /media/hero_slides/62681_10_24.jpeg HTTP/1.1" 200 134225
WARNING 2025-07-28 17:29:18,768 log 3632 10988 Not Found: /vi/media/hero_backgrounds/chil1_fDTcPMM.png/
WARNING 2025-07-28 17:29:18,769 basehttp 3632 10988 "GET /vi/media/hero_backgrounds/chil1_fDTcPMM.png/ HTTP/1.1" 404 3803
INFO 2025-07-28 17:40:32,342 basehttp 3632 200 "GET /vi/ HTTP/1.1" 200 55370
INFO 2025-07-28 17:40:32,460 basehttp 3632 13148 "GET /media/hero_slides/corn-cobs-plantation-field-600nw-2477557971.webp HTTP/1.1" 200 76222
INFO 2025-07-28 17:40:32,462 basehttp 3632 18724 "GET /media/hero_backgrounds/chil1_fDTcPMM.png HTTP/1.1" 302 0
INFO 2025-07-28 17:40:32,462 basehttp 3632 200 "GET /media/hero_slides/62681_10_24.jpeg HTTP/1.1" 200 134225
WARNING 2025-07-28 17:40:32,500 log 3632 200 Not Found: /vi/media/hero_backgrounds/chil1_fDTcPMM.png/
WARNING 2025-07-28 17:40:32,501 basehttp 3632 200 "GET /vi/media/hero_backgrounds/chil1_fDTcPMM.png/ HTTP/1.1" 404 3803
INFO 2025-07-28 17:41:53,282 basehttp 3632 200 "GET /vi/ HTTP/1.1" 200 56327
INFO 2025-07-28 17:41:53,723 basehttp 3632 13148 "GET /media/hero_slides/corn-cobs-plantation-field-600nw-2477557971.webp HTTP/1.1" 200 76222
INFO 2025-07-28 17:41:53,724 basehttp 3632 9908 "GET /media/hero_backgrounds/chil1_fDTcPMM.png HTTP/1.1" 302 0
INFO 2025-07-28 17:41:53,725 basehttp 3632 200 "GET /media/hero_slides/62681_10_24.jpeg HTTP/1.1" 200 134225
WARNING 2025-07-28 17:41:53,781 log 3632 200 Not Found: /vi/media/hero_backgrounds/chil1_fDTcPMM.png/
WARNING 2025-07-28 17:41:53,781 basehttp 3632 200 "GET /vi/media/hero_backgrounds/chil1_fDTcPMM.png/ HTTP/1.1" 404 3803
INFO 2025-07-28 17:44:01,215 basehttp 3632 200 "GET /admin/ HTTP/1.1" 200 19458
INFO 2025-07-28 17:44:02,541 basehttp 3632 200 "GET /admin/core/heroslide/ HTTP/1.1" 200 21211
INFO 2025-07-28 17:44:02,605 basehttp 3632 200 "GET /static/admin/css/changelists.css HTTP/1.1" 200 6566
INFO 2025-07-28 17:44:02,623 basehttp 3632 28008 "GET /static/admin/js/jquery.init.js HTTP/1.1" 200 347
INFO 2025-07-28 17:44:02,624 basehttp 3632 200 "GET /static/admin/js/admin/RelatedObjectLookups.js HTTP/1.1" 200 8943
INFO 2025-07-28 17:44:02,625 basehttp 3632 27616 "GET /static/admin/css/forms.css HTTP/1.1" 200 9047
INFO 2025-07-28 17:44:02,636 basehttp 3632 13148 "GET /admin/jsi18n/ HTTP/1.1" 200 8817
INFO 2025-07-28 17:44:02,636 basehttp 3632 3532 "GET /static/admin/js/core.js HTTP/1.1" 200 5682
INFO 2025-07-28 17:44:02,637 basehttp 3632 200 "GET /static/admin/js/actions.js HTTP/1.1" 200 7872
INFO 2025-07-28 17:44:02,637 basehttp 3632 27616 "GET /static/admin/js/prepopulate.js HTTP/1.1" 200 1531
INFO 2025-07-28 17:44:02,639 basehttp 3632 28008 "GET /static/admin/js/urlify.js HTTP/1.1" 200 7887
INFO 2025-07-28 17:44:02,649 basehttp 3632 18780 "GET /static/admin/js/vendor/jquery/jquery.js HTTP/1.1" 200 292458
INFO 2025-07-28 17:44:02,652 basehttp 3632 28008 "GET /static/admin/img/search.svg HTTP/1.1" 200 442
INFO 2025-07-28 17:44:02,655 basehttp 3632 3532 "GET /static/admin/js/vendor/xregexp/xregexp.js HTTP/1.1" 200 232381
INFO 2025-07-28 17:44:02,657 basehttp 3632 18780 "GET /static/admin/css/widgets.css HTTP/1.1" 200 11900
INFO 2025-07-28 17:44:02,715 basehttp 3632 18780 "GET /static/admin/js/filters.js HTTP/1.1" 200 978
INFO 2025-07-28 17:44:02,780 basehttp 3632 18780 "GET /static/djangocms_admin_style/img/icon_search_white@2x.png HTTP/1.1" 304 0
INFO 2025-07-28 17:44:02,781 basehttp 3632 28008 "GET /static/djangocms_admin_style/img/sorting-icons.png HTTP/1.1" 304 0
INFO 2025-07-28 17:44:02,797 basehttp 3632 28008 "GET /static/djangocms_admin_style/img/icon_arrow_down.png HTTP/1.1" 200 15112
INFO 2025-07-28 17:50:56,540 autoreload 11920 22424 Watching for file changes with StatReloader
INFO 2025-07-28 17:50:57,771 basehttp 11920 8200 "GET / HTTP/1.1" 302 0
INFO 2025-07-28 17:50:57,805 basehttp 11920 10936 "GET /vi/ HTTP/1.1" 200 56327
INFO 2025-07-28 17:50:58,242 basehttp 11920 27452 "GET /media/hero_backgrounds/chil1_fDTcPMM.png HTTP/1.1" 302 0
INFO 2025-07-28 17:50:58,243 basehttp 11920 11792 "GET /media/hero_slides/corn-cobs-plantation-field-600nw-2477557971.webp HTTP/1.1" 200 76222
INFO 2025-07-28 17:50:58,244 basehttp 11920 10936 "GET /media/hero_slides/62681_10_24.jpeg HTTP/1.1" 200 134225
WARNING 2025-07-28 17:50:58,374 log 11920 10936 Not Found: /vi/media/hero_backgrounds/chil1_fDTcPMM.png/
WARNING 2025-07-28 17:50:58,375 basehttp 11920 10936 "GET /vi/media/hero_backgrounds/chil1_fDTcPMM.png/ HTTP/1.1" 404 3803
INFO 2025-07-28 17:53:29,138 basehttp 11920 10936 "GET /.well-known/appspecific/com.chrome.devtools.json HTTP/1.1" 302 0
WARNING 2025-07-28 17:53:29,155 log 11920 11792 Not Found: /vi/.well-known/appspecific/com.chrome.devtools.json/
WARNING 2025-07-28 17:53:29,155 basehttp 11920 11792 "GET /vi/.well-known/appspecific/com.chrome.devtools.json/ HTTP/1.1" 404 3827
ERROR 2025-07-28 18:04:42,332 log 11920 27680 Internal Server Error: /vi/
Traceback (most recent call last):
  File "E:\Quan.dang\mamnon_website\venv\Lib\site-packages\django\core\handlers\exception.py", line 55, in inner
    response = get_response(request)
  File "E:\Quan.dang\mamnon_website\venv\Lib\site-packages\django\core\handlers\base.py", line 220, in _get_response
    response = response.render()
  File "E:\Quan.dang\mamnon_website\venv\Lib\site-packages\django\template\response.py", line 114, in render
    self.content = self.rendered_content
                   ^^^^^^^^^^^^^^^^^^^^^
  File "E:\Quan.dang\mamnon_website\venv\Lib\site-packages\django\template\response.py", line 90, in rendered_content
    template = self.resolve_template(self.template_name)
  File "E:\Quan.dang\mamnon_website\venv\Lib\site-packages\django\template\response.py", line 74, in resolve_template
    return get_template(template, using=self.using)
  File "E:\Quan.dang\mamnon_website\venv\Lib\site-packages\django\template\loader.py", line 15, in get_template
    return engine.get_template(template_name)
           ~~~~~~~~~~~~~~~~~~~^^^^^^^^^^^^^^^
  File "E:\Quan.dang\mamnon_website\venv\Lib\site-packages\django\template\backends\django.py", line 33, in get_template
    return Template(self.engine.get_template(template_name), self)
                    ~~~~~~~~~~~~~~~~~~~~~~~~^^^^^^^^^^^^^^^
  File "E:\Quan.dang\mamnon_website\venv\Lib\site-packages\django\template\engine.py", line 175, in get_template
    template, origin = self.find_template(template_name)
                       ~~~~~~~~~~~~~~~~~~^^^^^^^^^^^^^^^
  File "E:\Quan.dang\mamnon_website\venv\Lib\site-packages\django\template\engine.py", line 157, in find_template
    template = loader.get_template(name, skip=skip)
  File "E:\Quan.dang\mamnon_website\venv\Lib\site-packages\django\template\loaders\cached.py", line 57, in get_template
    template = super().get_template(template_name, skip)
  File "E:\Quan.dang\mamnon_website\venv\Lib\site-packages\django\template\loaders\base.py", line 28, in get_template
    return Template(
        contents,
    ...<2 lines>...
        self.engine,
    )
  File "E:\Quan.dang\mamnon_website\venv\Lib\site-packages\django\template\base.py", line 154, in __init__
    self.nodelist = self.compile_nodelist()
                    ~~~~~~~~~~~~~~~~~~~~~^^
  File "E:\Quan.dang\mamnon_website\venv\Lib\site-packages\django\template\base.py", line 200, in compile_nodelist
    return parser.parse()
           ~~~~~~~~~~~~^^
  File "E:\Quan.dang\mamnon_website\venv\Lib\site-packages\django\template\base.py", line 513, in parse
    raise self.error(token, e)
  File "E:\Quan.dang\mamnon_website\venv\Lib\site-packages\django\template\base.py", line 511, in parse
    compiled_result = compile_func(self, token)
  File "E:\Quan.dang\mamnon_website\venv\Lib\site-packages\django\template\defaulttags.py", line 853, in do_for
    nodelist_loop = parser.parse(
        (
    ...<2 lines>...
        )
    )
  File "E:\Quan.dang\mamnon_website\venv\Lib\site-packages\django\template\base.py", line 484, in parse
    raise self.error(token, e)
  File "E:\Quan.dang\mamnon_website\venv\Lib\site-packages\django\template\base.py", line 482, in parse
    filter_expression = self.compile_filter(token.contents)
  File "E:\Quan.dang\mamnon_website\venv\Lib\site-packages\django\template\base.py", line 600, in compile_filter
    return FilterExpression(token, self)
  File "E:\Quan.dang\mamnon_website\venv\Lib\site-packages\django\template\base.py", line 698, in __init__
    filter_func = parser.find_filter(filter_name)
  File "E:\Quan.dang\mamnon_website\venv\Lib\site-packages\django\template\base.py", line 606, in find_filter
    raise TemplateSyntaxError("Invalid filter: '%s'" % filter_name)
django.template.exceptions.TemplateSyntaxError: Invalid filter: 'mul'
ERROR 2025-07-28 18:04:42,339 basehttp 11920 27680 "GET /vi/ HTTP/1.1" 500 245871
INFO 2025-07-28 18:04:42,500 basehttp 11920 27680 "GET /favicon.ico HTTP/1.1" 302 0
WARNING 2025-07-28 18:04:42,510 log 11920 17108 Not Found: /vi/favicon.ico/
WARNING 2025-07-28 18:04:42,511 basehttp 11920 17108 "GET /vi/favicon.ico/ HTTP/1.1" 404 3716
ERROR 2025-07-28 18:30:26,482 log 11920 14676 Internal Server Error: /vi/
Traceback (most recent call last):
  File "E:\Quan.dang\mamnon_website\venv\Lib\site-packages\django\core\handlers\exception.py", line 55, in inner
    response = get_response(request)
  File "E:\Quan.dang\mamnon_website\venv\Lib\site-packages\django\core\handlers\base.py", line 220, in _get_response
    response = response.render()
  File "E:\Quan.dang\mamnon_website\venv\Lib\site-packages\django\template\response.py", line 114, in render
    self.content = self.rendered_content
                   ^^^^^^^^^^^^^^^^^^^^^
  File "E:\Quan.dang\mamnon_website\venv\Lib\site-packages\django\template\response.py", line 90, in rendered_content
    template = self.resolve_template(self.template_name)
  File "E:\Quan.dang\mamnon_website\venv\Lib\site-packages\django\template\response.py", line 74, in resolve_template
    return get_template(template, using=self.using)
  File "E:\Quan.dang\mamnon_website\venv\Lib\site-packages\django\template\loader.py", line 15, in get_template
    return engine.get_template(template_name)
           ~~~~~~~~~~~~~~~~~~~^^^^^^^^^^^^^^^
  File "E:\Quan.dang\mamnon_website\venv\Lib\site-packages\django\template\backends\django.py", line 33, in get_template
    return Template(self.engine.get_template(template_name), self)
                    ~~~~~~~~~~~~~~~~~~~~~~~~^^^^^^^^^^^^^^^
  File "E:\Quan.dang\mamnon_website\venv\Lib\site-packages\django\template\engine.py", line 175, in get_template
    template, origin = self.find_template(template_name)
                       ~~~~~~~~~~~~~~~~~~^^^^^^^^^^^^^^^
  File "E:\Quan.dang\mamnon_website\venv\Lib\site-packages\django\template\engine.py", line 157, in find_template
    template = loader.get_template(name, skip=skip)
  File "E:\Quan.dang\mamnon_website\venv\Lib\site-packages\django\template\loaders\cached.py", line 57, in get_template
    template = super().get_template(template_name, skip)
  File "E:\Quan.dang\mamnon_website\venv\Lib\site-packages\django\template\loaders\base.py", line 28, in get_template
    return Template(
        contents,
    ...<2 lines>...
        self.engine,
    )
  File "E:\Quan.dang\mamnon_website\venv\Lib\site-packages\django\template\base.py", line 154, in __init__
    self.nodelist = self.compile_nodelist()
                    ~~~~~~~~~~~~~~~~~~~~~^^
  File "E:\Quan.dang\mamnon_website\venv\Lib\site-packages\django\template\base.py", line 200, in compile_nodelist
    return parser.parse()
           ~~~~~~~~~~~~^^
  File "E:\Quan.dang\mamnon_website\venv\Lib\site-packages\django\template\base.py", line 513, in parse
    raise self.error(token, e)
  File "E:\Quan.dang\mamnon_website\venv\Lib\site-packages\django\template\base.py", line 511, in parse
    compiled_result = compile_func(self, token)
  File "E:\Quan.dang\mamnon_website\venv\Lib\site-packages\django\template\defaulttags.py", line 853, in do_for
    nodelist_loop = parser.parse(
        (
    ...<2 lines>...
        )
    )
  File "E:\Quan.dang\mamnon_website\venv\Lib\site-packages\django\template\base.py", line 484, in parse
    raise self.error(token, e)
  File "E:\Quan.dang\mamnon_website\venv\Lib\site-packages\django\template\base.py", line 482, in parse
    filter_expression = self.compile_filter(token.contents)
  File "E:\Quan.dang\mamnon_website\venv\Lib\site-packages\django\template\base.py", line 600, in compile_filter
    return FilterExpression(token, self)
  File "E:\Quan.dang\mamnon_website\venv\Lib\site-packages\django\template\base.py", line 698, in __init__
    filter_func = parser.find_filter(filter_name)
  File "E:\Quan.dang\mamnon_website\venv\Lib\site-packages\django\template\base.py", line 606, in find_filter
    raise TemplateSyntaxError("Invalid filter: '%s'" % filter_name)
django.template.exceptions.TemplateSyntaxError: Invalid filter: 'mul'
ERROR 2025-07-28 18:30:26,486 basehttp 11920 14676 "GET /vi/ HTTP/1.1" 500 246783
ERROR 2025-07-28 18:35:08,744 log 11920 14676 Internal Server Error: /vi/
Traceback (most recent call last):
  File "E:\Quan.dang\mamnon_website\venv\Lib\site-packages\django\core\handlers\exception.py", line 55, in inner
    response = get_response(request)
  File "E:\Quan.dang\mamnon_website\venv\Lib\site-packages\django\core\handlers\base.py", line 220, in _get_response
    response = response.render()
  File "E:\Quan.dang\mamnon_website\venv\Lib\site-packages\django\template\response.py", line 114, in render
    self.content = self.rendered_content
                   ^^^^^^^^^^^^^^^^^^^^^
  File "E:\Quan.dang\mamnon_website\venv\Lib\site-packages\django\template\response.py", line 90, in rendered_content
    template = self.resolve_template(self.template_name)
  File "E:\Quan.dang\mamnon_website\venv\Lib\site-packages\django\template\response.py", line 74, in resolve_template
    return get_template(template, using=self.using)
  File "E:\Quan.dang\mamnon_website\venv\Lib\site-packages\django\template\loader.py", line 15, in get_template
    return engine.get_template(template_name)
           ~~~~~~~~~~~~~~~~~~~^^^^^^^^^^^^^^^
  File "E:\Quan.dang\mamnon_website\venv\Lib\site-packages\django\template\backends\django.py", line 33, in get_template
    return Template(self.engine.get_template(template_name), self)
                    ~~~~~~~~~~~~~~~~~~~~~~~~^^^^^^^^^^^^^^^
  File "E:\Quan.dang\mamnon_website\venv\Lib\site-packages\django\template\engine.py", line 175, in get_template
    template, origin = self.find_template(template_name)
                       ~~~~~~~~~~~~~~~~~~^^^^^^^^^^^^^^^
  File "E:\Quan.dang\mamnon_website\venv\Lib\site-packages\django\template\engine.py", line 157, in find_template
    template = loader.get_template(name, skip=skip)
  File "E:\Quan.dang\mamnon_website\venv\Lib\site-packages\django\template\loaders\cached.py", line 57, in get_template
    template = super().get_template(template_name, skip)
  File "E:\Quan.dang\mamnon_website\venv\Lib\site-packages\django\template\loaders\base.py", line 28, in get_template
    return Template(
        contents,
    ...<2 lines>...
        self.engine,
    )
  File "E:\Quan.dang\mamnon_website\venv\Lib\site-packages\django\template\base.py", line 154, in __init__
    self.nodelist = self.compile_nodelist()
                    ~~~~~~~~~~~~~~~~~~~~~^^
  File "E:\Quan.dang\mamnon_website\venv\Lib\site-packages\django\template\base.py", line 200, in compile_nodelist
    return parser.parse()
           ~~~~~~~~~~~~^^
  File "E:\Quan.dang\mamnon_website\venv\Lib\site-packages\django\template\base.py", line 513, in parse
    raise self.error(token, e)
  File "E:\Quan.dang\mamnon_website\venv\Lib\site-packages\django\template\base.py", line 511, in parse
    compiled_result = compile_func(self, token)
  File "E:\Quan.dang\mamnon_website\venv\Lib\site-packages\django\template\defaulttags.py", line 853, in do_for
    nodelist_loop = parser.parse(
        (
    ...<2 lines>...
        )
    )
  File "E:\Quan.dang\mamnon_website\venv\Lib\site-packages\django\template\base.py", line 484, in parse
    raise self.error(token, e)
  File "E:\Quan.dang\mamnon_website\venv\Lib\site-packages\django\template\base.py", line 482, in parse
    filter_expression = self.compile_filter(token.contents)
  File "E:\Quan.dang\mamnon_website\venv\Lib\site-packages\django\template\base.py", line 600, in compile_filter
    return FilterExpression(token, self)
  File "E:\Quan.dang\mamnon_website\venv\Lib\site-packages\django\template\base.py", line 698, in __init__
    filter_func = parser.find_filter(filter_name)
  File "E:\Quan.dang\mamnon_website\venv\Lib\site-packages\django\template\base.py", line 606, in find_filter
    raise TemplateSyntaxError("Invalid filter: '%s'" % filter_name)
django.template.exceptions.TemplateSyntaxError: Invalid filter: 'mul'
ERROR 2025-07-28 18:35:08,748 basehttp 11920 14676 "GET /vi/ HTTP/1.1" 500 246783
ERROR 2025-07-28 18:35:57,295 log 11920 18756 Internal Server Error: /vi/
Traceback (most recent call last):
  File "E:\Quan.dang\mamnon_website\venv\Lib\site-packages\django\template\defaulttags.py", line 1026, in find_library
    return parser.libraries[name]
           ~~~~~~~~~~~~~~~~^^^^^^
KeyError: 'math_filters'

During handling of the above exception, another exception occurred:

Traceback (most recent call last):
  File "E:\Quan.dang\mamnon_website\venv\Lib\site-packages\django\core\handlers\exception.py", line 55, in inner
    response = get_response(request)
  File "E:\Quan.dang\mamnon_website\venv\Lib\site-packages\django\core\handlers\base.py", line 220, in _get_response
    response = response.render()
  File "E:\Quan.dang\mamnon_website\venv\Lib\site-packages\django\template\response.py", line 114, in render
    self.content = self.rendered_content
                   ^^^^^^^^^^^^^^^^^^^^^
  File "E:\Quan.dang\mamnon_website\venv\Lib\site-packages\django\template\response.py", line 90, in rendered_content
    template = self.resolve_template(self.template_name)
  File "E:\Quan.dang\mamnon_website\venv\Lib\site-packages\django\template\response.py", line 74, in resolve_template
    return get_template(template, using=self.using)
  File "E:\Quan.dang\mamnon_website\venv\Lib\site-packages\django\template\loader.py", line 15, in get_template
    return engine.get_template(template_name)
           ~~~~~~~~~~~~~~~~~~~^^^^^^^^^^^^^^^
  File "E:\Quan.dang\mamnon_website\venv\Lib\site-packages\django\template\backends\django.py", line 33, in get_template
    return Template(self.engine.get_template(template_name), self)
                    ~~~~~~~~~~~~~~~~~~~~~~~~^^^^^^^^^^^^^^^
  File "E:\Quan.dang\mamnon_website\venv\Lib\site-packages\django\template\engine.py", line 175, in get_template
    template, origin = self.find_template(template_name)
                       ~~~~~~~~~~~~~~~~~~^^^^^^^^^^^^^^^
  File "E:\Quan.dang\mamnon_website\venv\Lib\site-packages\django\template\engine.py", line 157, in find_template
    template = loader.get_template(name, skip=skip)
  File "E:\Quan.dang\mamnon_website\venv\Lib\site-packages\django\template\loaders\cached.py", line 57, in get_template
    template = super().get_template(template_name, skip)
  File "E:\Quan.dang\mamnon_website\venv\Lib\site-packages\django\template\loaders\base.py", line 28, in get_template
    return Template(
        contents,
    ...<2 lines>...
        self.engine,
    )
  File "E:\Quan.dang\mamnon_website\venv\Lib\site-packages\django\template\base.py", line 154, in __init__
    self.nodelist = self.compile_nodelist()
                    ~~~~~~~~~~~~~~~~~~~~~^^
  File "E:\Quan.dang\mamnon_website\venv\Lib\site-packages\django\template\base.py", line 200, in compile_nodelist
    return parser.parse()
           ~~~~~~~~~~~~^^
  File "E:\Quan.dang\mamnon_website\venv\Lib\site-packages\django\template\base.py", line 513, in parse
    raise self.error(token, e)
  File "E:\Quan.dang\mamnon_website\venv\Lib\site-packages\django\template\base.py", line 511, in parse
    compiled_result = compile_func(self, token)
  File "E:\Quan.dang\mamnon_website\venv\Lib\site-packages\django\template\defaulttags.py", line 1088, in load
    lib = find_library(parser, name)
  File "E:\Quan.dang\mamnon_website\venv\Lib\site-packages\django\template\defaulttags.py", line 1028, in find_library
    raise TemplateSyntaxError(
    ...<5 lines>...
    )
django.template.exceptions.TemplateSyntaxError: 'math_filters' is not a registered tag library. Must be one of:
admin_list
admin_modify
admin_style_tags
admin_tree
admin_tree_list
admin_urls
cache
cms_admin
cms_alias_tags
cms_js_tags
cms_static
cms_tags
cropping
djangocms_text_ckeditor_tags
easy_thumbnails_tags
filer_admin_tags
filer_image_tags
filer_tags
i18n
l10n
log
menu_tags
sekizai_tags
static
thumbnail
tz
ERROR 2025-07-28 18:35:57,299 basehttp 11920 18756 "GET /vi/ HTTP/1.1" 500 209607
ERROR 2025-07-28 18:35:58,675 log 11920 18756 Internal Server Error: /vi/
Traceback (most recent call last):
  File "E:\Quan.dang\mamnon_website\venv\Lib\site-packages\django\template\defaulttags.py", line 1026, in find_library
    return parser.libraries[name]
           ~~~~~~~~~~~~~~~~^^^^^^
KeyError: 'math_filters'

During handling of the above exception, another exception occurred:

Traceback (most recent call last):
  File "E:\Quan.dang\mamnon_website\venv\Lib\site-packages\django\core\handlers\exception.py", line 55, in inner
    response = get_response(request)
  File "E:\Quan.dang\mamnon_website\venv\Lib\site-packages\django\core\handlers\base.py", line 220, in _get_response
    response = response.render()
  File "E:\Quan.dang\mamnon_website\venv\Lib\site-packages\django\template\response.py", line 114, in render
    self.content = self.rendered_content
                   ^^^^^^^^^^^^^^^^^^^^^
  File "E:\Quan.dang\mamnon_website\venv\Lib\site-packages\django\template\response.py", line 90, in rendered_content
    template = self.resolve_template(self.template_name)
  File "E:\Quan.dang\mamnon_website\venv\Lib\site-packages\django\template\response.py", line 74, in resolve_template
    return get_template(template, using=self.using)
  File "E:\Quan.dang\mamnon_website\venv\Lib\site-packages\django\template\loader.py", line 15, in get_template
    return engine.get_template(template_name)
           ~~~~~~~~~~~~~~~~~~~^^^^^^^^^^^^^^^
  File "E:\Quan.dang\mamnon_website\venv\Lib\site-packages\django\template\backends\django.py", line 33, in get_template
    return Template(self.engine.get_template(template_name), self)
                    ~~~~~~~~~~~~~~~~~~~~~~~~^^^^^^^^^^^^^^^
  File "E:\Quan.dang\mamnon_website\venv\Lib\site-packages\django\template\engine.py", line 175, in get_template
    template, origin = self.find_template(template_name)
                       ~~~~~~~~~~~~~~~~~~^^^^^^^^^^^^^^^
  File "E:\Quan.dang\mamnon_website\venv\Lib\site-packages\django\template\engine.py", line 157, in find_template
    template = loader.get_template(name, skip=skip)
  File "E:\Quan.dang\mamnon_website\venv\Lib\site-packages\django\template\loaders\cached.py", line 57, in get_template
    template = super().get_template(template_name, skip)
  File "E:\Quan.dang\mamnon_website\venv\Lib\site-packages\django\template\loaders\base.py", line 28, in get_template
    return Template(
        contents,
    ...<2 lines>...
        self.engine,
    )
  File "E:\Quan.dang\mamnon_website\venv\Lib\site-packages\django\template\base.py", line 154, in __init__
    self.nodelist = self.compile_nodelist()
                    ~~~~~~~~~~~~~~~~~~~~~^^
  File "E:\Quan.dang\mamnon_website\venv\Lib\site-packages\django\template\base.py", line 200, in compile_nodelist
    return parser.parse()
           ~~~~~~~~~~~~^^
  File "E:\Quan.dang\mamnon_website\venv\Lib\site-packages\django\template\base.py", line 513, in parse
    raise self.error(token, e)
  File "E:\Quan.dang\mamnon_website\venv\Lib\site-packages\django\template\base.py", line 511, in parse
    compiled_result = compile_func(self, token)
  File "E:\Quan.dang\mamnon_website\venv\Lib\site-packages\django\template\defaulttags.py", line 1088, in load
    lib = find_library(parser, name)
  File "E:\Quan.dang\mamnon_website\venv\Lib\site-packages\django\template\defaulttags.py", line 1028, in find_library
    raise TemplateSyntaxError(
    ...<5 lines>...
    )
django.template.exceptions.TemplateSyntaxError: 'math_filters' is not a registered tag library. Must be one of:
admin_list
admin_modify
admin_style_tags
admin_tree
admin_tree_list
admin_urls
cache
cms_admin
cms_alias_tags
cms_js_tags
cms_static
cms_tags
cropping
djangocms_text_ckeditor_tags
easy_thumbnails_tags
filer_admin_tags
filer_image_tags
filer_tags
i18n
l10n
log
menu_tags
sekizai_tags
static
thumbnail
tz
ERROR 2025-07-28 18:35:58,679 basehttp 11920 18756 "GET /vi/ HTTP/1.1" 500 209607
INFO 2025-07-28 18:42:25,423 autoreload 28340 25624 Watching for file changes with StatReloader
INFO 2025-07-28 18:42:27,430 basehttp 28340 25424 "GET /vi/ HTTP/1.1" 200 58650
INFO 2025-07-28 18:42:27,439 basehttp 28340 25424 "GET /static/css/style.css HTTP/1.1" 200 59826
INFO 2025-07-28 18:42:27,461 basehttp 28340 25704 "GET /media/hero_slides/corn-cobs-plantation-field-600nw-2477557971.webp HTTP/1.1" 200 76222
INFO 2025-07-28 18:42:27,463 basehttp 28340 25424 "GET /media/hero_slides/62681_10_24.jpeg HTTP/1.1" 200 134225
INFO 2025-07-28 18:42:27,474 basehttp 28340 29316 "GET /media/hero_backgrounds/chil1_fDTcPMM.png HTTP/1.1" 302 0
WARNING 2025-07-28 18:42:27,603 log 28340 25424 Not Found: /vi/media/hero_backgrounds/chil1_fDTcPMM.png/
WARNING 2025-07-28 18:42:27,603 basehttp 28340 25424 "GET /vi/media/hero_backgrounds/chil1_fDTcPMM.png/ HTTP/1.1" 404 3803
INFO 2025-07-28 18:42:50,418 basehttp 28340 16032 "GET /vi/ HTTP/1.1" 200 58650
INFO 2025-07-28 18:42:50,449 basehttp 28340 16032 "GET /static/css/style.css HTTP/1.1" 200 59826
INFO 2025-07-28 18:42:50,519 basehttp 28340 9776 "GET /media/hero_slides/corn-cobs-plantation-field-600nw-2477557971.webp HTTP/1.1" 200 76222
INFO 2025-07-28 18:42:50,521 basehttp 28340 25860 "GET /media/hero_backgrounds/chil1_fDTcPMM.png HTTP/1.1" 302 0
INFO 2025-07-28 18:42:50,522 basehttp 28340 16032 "GET /media/hero_slides/62681_10_24.jpeg HTTP/1.1" 200 134225
WARNING 2025-07-28 18:42:50,606 log 28340 16032 Not Found: /vi/media/hero_backgrounds/chil1_fDTcPMM.png/
WARNING 2025-07-28 18:42:50,607 basehttp 28340 16032 "GET /vi/media/hero_backgrounds/chil1_fDTcPMM.png/ HTTP/1.1" 404 3803
INFO 2025-07-28 18:42:55,039 basehttp 28340 16032 "GET /.well-known/appspecific/com.chrome.devtools.json HTTP/1.1" 302 0
WARNING 2025-07-28 18:42:55,052 log 28340 9776 Not Found: /vi/.well-known/appspecific/com.chrome.devtools.json/
WARNING 2025-07-28 18:42:55,052 basehttp 28340 9776 "GET /vi/.well-known/appspecific/com.chrome.devtools.json/ HTTP/1.1" 404 3827
INFO 2025-07-28 18:44:17,277 basehttp 28340 9776 "GET /vi/ HTTP/1.1" 200 58650
INFO 2025-07-28 18:46:40,961 basehttp 28340 25424 "GET /vi/ HTTP/1.1" 200 58650
INFO 2025-07-28 18:46:40,970 basehttp 28340 25424 "GET /static/css/style.css HTTP/1.1" 304 0
INFO 2025-07-28 18:46:40,988 basehttp 28340 25424 "GET /media/hero_backgrounds/chil1_fDTcPMM.png HTTP/1.1" 302 0
WARNING 2025-07-28 18:46:41,014 log 28340 25704 Not Found: /vi/media/hero_backgrounds/chil1_fDTcPMM.png/
WARNING 2025-07-28 18:46:41,014 basehttp 28340 25704 "GET /vi/media/hero_backgrounds/chil1_fDTcPMM.png/ HTTP/1.1" 404 3803
INFO 2025-07-28 18:46:53,080 basehttp 28340 25704 "GET /vi/ HTTP/1.1" 200 58650
INFO 2025-07-28 18:46:53,101 basehttp 28340 25704 "GET /media/hero_backgrounds/chil1_fDTcPMM.png HTTP/1.1" 302 0
WARNING 2025-07-28 18:46:53,118 log 28340 29528 Not Found: /vi/media/hero_backgrounds/chil1_fDTcPMM.png/
WARNING 2025-07-28 18:46:53,119 basehttp 28340 29528 "GET /vi/media/hero_backgrounds/chil1_fDTcPMM.png/ HTTP/1.1" 404 3803
INFO 2025-07-28 18:46:57,243 basehttp 28340 29528 "GET /vi/ HTTP/1.1" 200 58650
INFO 2025-07-28 18:46:57,264 basehttp 28340 29528 "GET /media/hero_backgrounds/chil1_fDTcPMM.png HTTP/1.1" 302 0
WARNING 2025-07-28 18:46:57,283 log 28340 2280 Not Found: /vi/media/hero_backgrounds/chil1_fDTcPMM.png/
WARNING 2025-07-28 18:46:57,283 basehttp 28340 2280 "GET /vi/media/hero_backgrounds/chil1_fDTcPMM.png/ HTTP/1.1" 404 3803
INFO 2025-07-28 18:47:19,251 basehttp 28340 2280 "GET /vi/ HTTP/1.1" 200 58650
INFO 2025-07-28 18:47:19,278 basehttp 28340 2280 "GET /media/hero_backgrounds/chil1_fDTcPMM.png HTTP/1.1" 302 0
WARNING 2025-07-28 18:47:19,295 log 28340 27264 Not Found: /vi/media/hero_backgrounds/chil1_fDTcPMM.png/
WARNING 2025-07-28 18:47:19,296 basehttp 28340 27264 "GET /vi/media/hero_backgrounds/chil1_fDTcPMM.png/ HTTP/1.1" 404 3803
INFO 2025-07-28 18:51:42,740 basehttp 28340 27264 "GET /vi/ HTTP/1.1" 200 55370
INFO 2025-07-28 18:51:42,762 basehttp 28340 27264 "GET /media/hero_backgrounds/chil1_fDTcPMM.png HTTP/1.1" 302 0
WARNING 2025-07-28 18:51:42,837 log 28340 7820 Not Found: /vi/media/hero_backgrounds/chil1_fDTcPMM.png/
WARNING 2025-07-28 18:51:42,837 basehttp 28340 7820 "GET /vi/media/hero_backgrounds/chil1_fDTcPMM.png/ HTTP/1.1" 404 3803
INFO 2025-07-28 18:52:13,967 basehttp 28340 7820 "GET /vi/ HTTP/1.1" 200 58650
INFO 2025-07-28 18:52:13,996 basehttp 28340 7820 "GET /static/css/style.css HTTP/1.1" 200 57940
INFO 2025-07-28 18:52:14,012 basehttp 28340 7820 "GET /media/hero_backgrounds/chil1_fDTcPMM.png HTTP/1.1" 302 0
WARNING 2025-07-28 18:52:14,045 log 28340 26168 Not Found: /vi/media/hero_backgrounds/chil1_fDTcPMM.png/
WARNING 2025-07-28 18:52:14,045 basehttp 28340 26168 "GET /vi/media/hero_backgrounds/chil1_fDTcPMM.png/ HTTP/1.1" 404 3803
INFO 2025-07-28 18:52:36,336 basehttp 28340 26168 "GET /vi/ HTTP/1.1" 200 58650
INFO 2025-07-28 18:52:36,343 basehttp 28340 26168 "GET /static/css/style.css HTTP/1.1" 304 0
INFO 2025-07-28 18:52:36,359 basehttp 28340 26168 "GET /media/hero_backgrounds/chil1_fDTcPMM.png HTTP/1.1" 302 0
WARNING 2025-07-28 18:52:36,376 log 28340 18776 Not Found: /vi/media/hero_backgrounds/chil1_fDTcPMM.png/
WARNING 2025-07-28 18:52:36,377 basehttp 28340 18776 "GET /vi/media/hero_backgrounds/chil1_fDTcPMM.png/ HTTP/1.1" 404 3803
INFO 2025-07-28 18:52:53,924 basehttp 28340 18776 "GET /vi/ HTTP/1.1" 200 58650
INFO 2025-07-28 18:52:53,945 basehttp 28340 18776 "GET /media/hero_backgrounds/chil1_fDTcPMM.png HTTP/1.1" 302 0
WARNING 2025-07-28 18:52:53,965 log 28340 25132 Not Found: /vi/media/hero_backgrounds/chil1_fDTcPMM.png/
WARNING 2025-07-28 18:52:53,966 basehttp 28340 25132 "GET /vi/media/hero_backgrounds/chil1_fDTcPMM.png/ HTTP/1.1" 404 3803
INFO 2025-07-28 18:53:31,355 basehttp 28340 25132 "GET /admin HTTP/1.1" 301 0
INFO 2025-07-28 18:53:31,383 basehttp 28340 18912 "GET /admin/ HTTP/1.1" 302 0
INFO 2025-07-28 18:53:31,424 basehttp 28340 18912 "GET /admin/login/?next=/admin/ HTTP/1.1" 200 4429
INFO 2025-07-28 18:53:31,440 basehttp 28340 18912 "GET /static/admin/css/base.css HTTP/1.1" 200 21207
INFO 2025-07-28 18:53:31,442 basehttp 28340 26560 "GET /static/admin/css/login.css HTTP/1.1" 200 958
INFO 2025-07-28 18:53:31,443 basehttp 28340 27400 "GET /static/admin/css/nav_sidebar.css HTTP/1.1" 200 2694
INFO 2025-07-28 18:53:31,444 basehttp 28340 26440 "GET /static/admin/css/dark_mode.css HTTP/1.1" 200 2929
INFO 2025-07-28 18:53:31,444 basehttp 28340 15120 "GET /static/admin/css/responsive.css HTTP/1.1" 200 18533
INFO 2025-07-28 18:53:31,448 basehttp 28340 18912 "GET /static/djangocms_admin_style/js/dist/bundle.adminstyle.min.js HTTP/1.1" 200 105093
INFO 2025-07-28 18:53:31,448 basehttp 28340 24224 "GET /static/djangocms_admin_style/css/djangocms-admin.css HTTP/1.1" 200 192682
INFO 2025-07-28 18:53:31,462 basehttp 28340 18912 "GET /static/admin/js/theme.js HTTP/1.1" 200 1943
INFO 2025-07-28 18:53:31,462 basehttp 28340 24224 "GET /static/admin/js/nav_sidebar.js HTTP/1.1" 200 3063
INFO 2025-07-28 18:53:31,592 basehttp 28340 24224 "GET /static/djangocms_admin_style/fonts/django-admin-iconfont.woff2?v=3.2.0 HTTP/1.1" 200 8788
INFO 2025-07-28 18:53:38,812 basehttp 28340 24224 "POST /admin/login/?next=/admin/ HTTP/1.1" 302 0
INFO 2025-07-28 18:53:38,840 basehttp 28340 24224 "GET /admin/ HTTP/1.1" 200 19458
INFO 2025-07-28 18:53:38,848 basehttp 28340 24224 "GET /static/admin/css/dashboard.css HTTP/1.1" 200 441
INFO 2025-07-28 18:53:38,865 basehttp 28340 24224 "GET /static/djangocms_admin_style/img/icon_arrow_right.png HTTP/1.1" 200 15812
INFO 2025-07-28 18:53:43,157 basehttp 28340 24224 "GET /admin/core/heroslide/ HTTP/1.1" 200 21211
INFO 2025-07-28 18:53:43,168 basehttp 28340 24224 "GET /static/admin/css/changelists.css HTTP/1.1" 200 6566
INFO 2025-07-28 18:53:43,168 basehttp 28340 18912 "GET /static/admin/css/forms.css HTTP/1.1" 200 9047
INFO 2025-07-28 18:53:43,172 basehttp 28340 26560 "GET /static/admin/js/core.js HTTP/1.1" 200 5682
INFO 2025-07-28 18:53:43,173 basehttp 28340 27400 "GET /static/admin/js/jquery.init.js HTTP/1.1" 200 347
INFO 2025-07-28 18:53:43,178 basehttp 28340 18912 "GET /static/admin/js/actions.js HTTP/1.1" 200 7872
INFO 2025-07-28 18:53:43,178 basehttp 28340 24224 "GET /static/admin/js/admin/RelatedObjectLookups.js HTTP/1.1" 200 8943
INFO 2025-07-28 18:53:43,179 basehttp 28340 26560 "GET /static/admin/js/urlify.js HTTP/1.1" 200 7887
INFO 2025-07-28 18:53:43,179 basehttp 28340 27400 "GET /static/admin/css/widgets.css HTTP/1.1" 200 11900
INFO 2025-07-28 18:53:43,185 basehttp 28340 26440 "GET /admin/jsi18n/ HTTP/1.1" 200 8817
INFO 2025-07-28 18:53:43,186 basehttp 28340 27400 "GET /static/admin/img/search.svg HTTP/1.1" 200 442
INFO 2025-07-28 18:53:43,186 basehttp 28340 24224 "GET /static/admin/js/prepopulate.js HTTP/1.1" 200 1531
INFO 2025-07-28 18:53:43,189 basehttp 28340 15120 "GET /static/admin/js/vendor/jquery/jquery.js HTTP/1.1" 200 292458
INFO 2025-07-28 18:53:43,190 basehttp 28340 18912 "GET /static/admin/js/vendor/xregexp/xregexp.js HTTP/1.1" 200 232381
INFO 2025-07-28 18:53:43,198 basehttp 28340 18912 "GET /static/admin/js/filters.js HTTP/1.1" 200 978
INFO 2025-07-28 18:53:43,227 basehttp 28340 18912 "GET /static/djangocms_admin_style/img/icon_search_white@2x.png HTTP/1.1" 200 1265
INFO 2025-07-28 18:53:43,228 basehttp 28340 15120 "GET /static/djangocms_admin_style/img/sorting-icons.png HTTP/1.1" 200 1447
INFO 2025-07-28 18:53:43,252 basehttp 28340 15120 "GET /static/djangocms_admin_style/img/icon_arrow_down.png HTTP/1.1" 200 15112
INFO 2025-07-28 18:53:47,533 basehttp 28340 15120 "GET /admin/core/heroslide/1/change/ HTTP/1.1" 200 46663
INFO 2025-07-28 18:53:47,545 basehttp 28340 26560 "GET /static/admin/js/prepopulate_init.js HTTP/1.1" 200 586
INFO 2025-07-28 18:53:47,547 basehttp 28340 24224 "GET /static/image_cropping/css/image_cropping.css HTTP/1.1" 200 325
INFO 2025-07-28 18:53:47,547 basehttp 28340 18912 "GET /static/image_cropping/css/jquery.Jcrop.min.css HTTP/1.1" 200 2124
INFO 2025-07-28 18:53:47,549 basehttp 28340 27400 "GET /static/image_cropping/js/dist/image_cropping.min.js HTTP/1.1" 200 17887
INFO 2025-07-28 18:53:47,552 basehttp 28340 15120 "GET /admin/jsi18n/ HTTP/1.1" 200 8817
INFO 2025-07-28 18:53:47,560 basehttp 28340 26440 "GET /static/admin/js/collapse.js HTTP/1.1" 200 1803
INFO 2025-07-28 18:53:47,563 basehttp 28340 26440 "GET /static/admin/js/change_form.js HTTP/1.1" 200 606
INFO 2025-07-28 18:53:48,774 basehttp 28340 26440 "GET /media/hero_backgrounds/chil1_fDTcPMM.png HTTP/1.1" 302 0
WARNING 2025-07-28 18:53:48,790 log 28340 15120 Not Found: /vi/media/hero_backgrounds/chil1_fDTcPMM.png/
WARNING 2025-07-28 18:53:48,790 basehttp 28340 15120 "GET /vi/media/hero_backgrounds/chil1_fDTcPMM.png/ HTTP/1.1" 404 3803
INFO 2025-07-28 18:53:49,523 basehttp 28340 15120 "GET /media/hero_backgrounds/chil1_fDTcPMM.png HTTP/1.1" 302 0
WARNING 2025-07-28 18:53:49,533 log 28340 27400 Not Found: /vi/media/hero_backgrounds/chil1_fDTcPMM.png/
WARNING 2025-07-28 18:53:49,534 basehttp 28340 27400 "GET /vi/media/hero_backgrounds/chil1_fDTcPMM.png/ HTTP/1.1" 404 3803
INFO 2025-07-28 18:53:50,887 basehttp 28340 27400 "GET /admin/core/heroslide/1/change/ HTTP/1.1" 200 46663
INFO 2025-07-28 18:53:50,900 basehttp 28340 27400 "GET /admin/jsi18n/ HTTP/1.1" 200 8817
INFO 2025-07-28 18:53:51,953 basehttp 28340 27400 "GET /media/hero_backgrounds/chil1_fDTcPMM.png HTTP/1.1" 302 0
WARNING 2025-07-28 18:53:51,967 log 28340 18912 Not Found: /vi/media/hero_backgrounds/chil1_fDTcPMM.png/
WARNING 2025-07-28 18:53:51,967 basehttp 28340 18912 "GET /vi/media/hero_backgrounds/chil1_fDTcPMM.png/ HTTP/1.1" 404 3803
INFO 2025-07-28 18:57:46,021 basehttp 28340 29616 "GET /vi/ HTTP/1.1" 200 58650
INFO 2025-07-28 18:57:46,072 basehttp 28340 29616 "GET /static/css/style.css HTTP/1.1" 200 57940
INFO 2025-07-28 18:57:46,136 basehttp 28340 18924 "GET /media/hero_slides/corn-cobs-plantation-field-600nw-2477557971.webp HTTP/1.1" 200 76222
INFO 2025-07-28 18:57:46,136 basehttp 28340 24952 "GET /media/hero_backgrounds/chil1_fDTcPMM.png HTTP/1.1" 302 0
INFO 2025-07-28 18:57:46,137 basehttp 28340 29616 "GET /media/hero_slides/62681_10_24.jpeg HTTP/1.1" 200 134225
WARNING 2025-07-28 18:57:46,206 log 28340 29616 Not Found: /vi/media/hero_backgrounds/chil1_fDTcPMM.png/
WARNING 2025-07-28 18:57:46,207 basehttp 28340 29616 "GET /vi/media/hero_backgrounds/chil1_fDTcPMM.png/ HTTP/1.1" 404 3803
INFO 2025-07-28 19:01:01,664 basehttp 28340 29616 "GET /admin/core/heroslide/ HTTP/1.1" 200 21211
INFO 2025-07-28 19:01:01,699 basehttp 28340 18924 "GET /static/admin/css/nav_sidebar.css HTTP/1.1" 304 0
INFO 2025-07-28 19:01:01,699 basehttp 28340 29616 "GET /static/admin/css/base.css HTTP/1.1" 304 0
INFO 2025-07-28 19:01:01,702 basehttp 28340 22656 "GET /static/admin/css/dark_mode.css HTTP/1.1" 304 0
INFO 2025-07-28 19:01:01,705 basehttp 28340 29012 "GET /static/admin/css/responsive.css HTTP/1.1" 304 0
INFO 2025-07-28 19:01:01,705 basehttp 28340 28832 "GET /static/djangocms_admin_style/css/djangocms-admin.css HTTP/1.1" 304 0
INFO 2025-07-28 19:01:01,707 basehttp 28340 18924 "GET /static/djangocms_admin_style/js/dist/bundle.adminstyle.min.js HTTP/1.1" 304 0
INFO 2025-07-28 19:01:01,712 basehttp 28340 24540 "GET /admin/jsi18n/ HTTP/1.1" 200 8817
INFO 2025-07-28 19:01:01,769 basehttp 28340 24540 "GET /static/admin/js/theme.js HTTP/1.1" 304 0
INFO 2025-07-28 19:01:01,773 basehttp 28340 24540 "GET /static/admin/js/nav_sidebar.js HTTP/1.1" 304 0
INFO 2025-07-28 19:01:01,842 basehttp 28340 24540 "GET /static/djangocms_admin_style/img/icon_arrow_right.png HTTP/1.1" 304 0
INFO 2025-07-28 19:01:01,845 basehttp 28340 24540 "GET /static/djangocms_admin_style/fonts/django-admin-iconfont.woff2?v=3.2.0 HTTP/1.1" 304 0
INFO 2025-07-28 19:01:04,010 basehttp 28340 24540 "GET /admin/core/heroslide/1/change/ HTTP/1.1" 200 46663
INFO 2025-07-28 19:01:04,044 basehttp 28340 29616 "GET /static/image_cropping/css/image_cropping.css HTTP/1.1" 304 0
INFO 2025-07-28 19:01:04,044 basehttp 28340 18924 "GET /static/image_cropping/css/jquery.Jcrop.min.css HTTP/1.1" 304 0
INFO 2025-07-28 19:01:04,044 basehttp 28340 29012 "GET /static/admin/js/collapse.js HTTP/1.1" 304 0
INFO 2025-07-28 19:01:04,045 basehttp 28340 22656 "GET /static/image_cropping/js/dist/image_cropping.min.js HTTP/1.1" 304 0
INFO 2025-07-28 19:01:04,045 basehttp 28340 28832 "GET /static/admin/js/prepopulate_init.js HTTP/1.1" 200 586
INFO 2025-07-28 19:01:04,051 basehttp 28340 24540 "GET /admin/jsi18n/ HTTP/1.1" 200 8817
INFO 2025-07-28 19:01:04,079 basehttp 28340 28832 "GET /static/admin/js/change_form.js HTTP/1.1" 200 606
INFO 2025-07-28 19:01:05,186 basehttp 28340 28832 "GET /media/hero_backgrounds/chil1_fDTcPMM.png HTTP/1.1" 302 0
WARNING 2025-07-28 19:01:05,197 log 28340 24540 Not Found: /vi/media/hero_backgrounds/chil1_fDTcPMM.png/
WARNING 2025-07-28 19:01:05,198 basehttp 28340 24540 "GET /vi/media/hero_backgrounds/chil1_fDTcPMM.png/ HTTP/1.1" 404 3803
INFO 2025-07-28 19:01:11,544 basehttp 28340 24540 "GET /static/image_cropping/css/Jcrop.gif HTTP/1.1" 304 0
INFO 2025-07-28 19:01:28,337 basehttp 28340 24540 "POST /admin/core/heroslide/1/change/ HTTP/1.1" 302 0
INFO 2025-07-28 19:01:28,366 basehttp 28340 24540 "GET /admin/core/heroslide/ HTTP/1.1" 200 21471
INFO 2025-07-28 19:01:28,403 basehttp 28340 24540 "GET /admin/jsi18n/ HTTP/1.1" 200 8817
INFO 2025-07-28 19:01:37,583 basehttp 28340 24540 "GET /vi/ HTTP/1.1" 200 58664
INFO 2025-07-28 19:01:37,614 basehttp 28340 24540 "GET /static/css/style.css HTTP/1.1" 304 0
INFO 2025-07-28 19:01:37,643 basehttp 28340 22656 "GET /media/hero_slides/592692c4d8265d8f9a39b2ef905bcfa5.jpg HTTP/1.1" 200 51851
INFO 2025-07-28 19:01:37,644 basehttp 28340 29012 "GET /media/hero_slides/corn-cobs-plantation-field-600nw-2477557971.webp HTTP/1.1" 200 76222
INFO 2025-07-28 19:01:37,644 basehttp 28340 24540 "GET /media/hero_slides/62681_10_24.jpeg HTTP/1.1" 200 134225
INFO 2025-07-28 19:23:39,234 basehttp 28340 26960 "GET /static/css/style.css HTTP/1.1" 304 0
INFO 2025-07-28 19:23:39,277 basehttp 28340 26960 "GET /.well-known/appspecific/com.chrome.devtools.json HTTP/1.1" 302 0
WARNING 2025-07-28 19:23:39,296 log 28340 29400 Not Found: /vi/.well-known/appspecific/com.chrome.devtools.json/
WARNING 2025-07-28 19:23:39,297 basehttp 28340 29400 "GET /vi/.well-known/appspecific/com.chrome.devtools.json/ HTTP/1.1" 404 3827
INFO 2025-07-28 19:32:36,340 basehttp 28340 28440 "GET / HTTP/1.1" 302 0
INFO 2025-07-28 19:32:36,358 basehttp 28340 29208 "GET /vi/ HTTP/1.1" 200 58664
INFO 2025-07-28 19:32:36,367 basehttp 28340 29208 "GET /static/css/style.css HTTP/1.1" 200 57940
INFO 2025-07-28 19:32:36,394 basehttp 28340 28840 "GET /media/hero_slides/592692c4d8265d8f9a39b2ef905bcfa5.jpg HTTP/1.1" 200 51851
INFO 2025-07-28 19:32:36,394 basehttp 28340 29208 "GET /media/hero_slides/62681_10_24.jpeg HTTP/1.1" 200 134225
INFO 2025-07-28 19:32:36,395 basehttp 28340 22392 "GET /media/hero_slides/corn-cobs-plantation-field-600nw-2477557971.webp HTTP/1.1" 200 76222
INFO 2025-07-28 19:32:54,734 basehttp 28340 22392 "GET /vi/ HTTP/1.1" 200 58664
INFO 2025-07-28 19:32:54,758 basehttp 28340 29208 "GET /media/hero_slides/592692c4d8265d8f9a39b2ef905bcfa5.jpg HTTP/1.1" 200 51851
INFO 2025-07-28 19:32:54,759 basehttp 28340 22392 "GET /media/hero_slides/62681_10_24.jpeg HTTP/1.1" 200 134225
INFO 2025-07-28 19:32:54,767 basehttp 28340 28840 "GET /media/hero_slides/corn-cobs-plantation-field-600nw-2477557971.webp HTTP/1.1" 200 76222
INFO 2025-07-28 19:33:39,374 basehttp 28340 28840 "GET /vi/ HTTP/1.1" 200 58632
INFO 2025-07-28 19:33:39,407 basehttp 28340 29208 "GET /media/hero_slides/corn-cobs-plantation-field-600nw-2477557971.webp HTTP/1.1" 200 76222
INFO 2025-07-28 19:33:39,408 basehttp 28340 28840 "GET /media/hero_slides/62681_10_24.jpeg HTTP/1.1" 200 134225
INFO 2025-07-28 19:33:39,414 basehttp 28340 22392 "GET /media/hero_slides/592692c4d8265d8f9a39b2ef905bcfa5.jpg HTTP/1.1" 200 51851
INFO 2025-07-28 19:33:59,046 basehttp 28340 22392 "GET /vi/ HTTP/1.1" 200 58664
INFO 2025-07-28 19:33:59,072 basehttp 28340 29208 "GET /media/hero_slides/corn-cobs-plantation-field-600nw-2477557971.webp HTTP/1.1" 200 76222
INFO 2025-07-28 19:33:59,072 basehttp 28340 22392 "GET /media/hero_slides/62681_10_24.jpeg HTTP/1.1" 200 134225
INFO 2025-07-28 19:33:59,075 basehttp 28340 28840 "GET /media/hero_slides/592692c4d8265d8f9a39b2ef905bcfa5.jpg HTTP/1.1" 200 51851
INFO 2025-07-28 19:38:21,828 basehttp 28340 28840 "GET /vi/ HTTP/1.1" 200 58664
INFO 2025-07-28 19:38:21,854 basehttp 28340 28840 "GET /static/css/style.css HTTP/1.1" 200 59507
INFO 2025-07-28 19:38:21,875 basehttp 28340 22392 "GET /media/hero_slides/592692c4d8265d8f9a39b2ef905bcfa5.jpg HTTP/1.1" 200 51851
INFO 2025-07-28 19:38:21,876 basehttp 28340 29208 "GET /media/hero_slides/corn-cobs-plantation-field-600nw-2477557971.webp HTTP/1.1" 200 76222
INFO 2025-07-28 19:38:21,877 basehttp 28340 28840 "GET /media/hero_slides/62681_10_24.jpeg HTTP/1.1" 200 134225
INFO 2025-07-28 19:55:31,652 basehttp 28340 27088 "GET /admin/ HTTP/1.1" 200 19513
INFO 2025-07-28 19:55:31,703 basehttp 28340 27088 "GET /static/admin/css/dashboard.css HTTP/1.1" 304 0
INFO 2025-07-28 19:55:33,677 basehttp 28340 27088 "GET /admin/core/heroslide/ HTTP/1.1" 200 21225
INFO 2025-07-28 19:55:33,721 basehttp 28340 27088 "GET /static/admin/css/changelists.css HTTP/1.1" 304 0
INFO 2025-07-28 19:55:33,726 basehttp 28340 29264 "GET /static/admin/css/forms.css HTTP/1.1" 304 0
INFO 2025-07-28 19:55:33,732 basehttp 28340 24516 "GET /static/admin/js/admin/RelatedObjectLookups.js HTTP/1.1" 304 0
INFO 2025-07-28 19:55:33,736 basehttp 28340 30080 "GET /static/admin/js/vendor/jquery/jquery.js HTTP/1.1" 304 0
INFO 2025-07-28 19:55:33,739 basehttp 28340 29264 "GET /static/admin/js/actions.js HTTP/1.1" 304 0
INFO 2025-07-28 19:55:33,744 basehttp 28340 27088 "GET /admin/jsi18n/ HTTP/1.1" 200 8817
INFO 2025-07-28 19:55:33,744 basehttp 28340 8412 "GET /static/admin/js/core.js HTTP/1.1" 304 0
INFO 2025-07-28 19:55:33,745 basehttp 28340 29264 "GET /static/admin/js/urlify.js HTTP/1.1" 304 0
INFO 2025-07-28 19:55:33,745 basehttp 28340 24516 "GET /static/admin/js/vendor/xregexp/xregexp.js HTTP/1.1" 304 0
INFO 2025-07-28 19:55:33,748 basehttp 28340 29472 "GET /static/admin/js/jquery.init.js HTTP/1.1" 304 0
INFO 2025-07-28 19:55:33,749 basehttp 28340 8412 "GET /static/admin/js/prepopulate.js HTTP/1.1" 304 0
INFO 2025-07-28 19:55:33,750 basehttp 28340 30080 "GET /static/admin/css/widgets.css HTTP/1.1" 304 0
INFO 2025-07-28 19:55:33,754 basehttp 28340 30080 "GET /static/admin/img/search.svg HTTP/1.1" 304 0
INFO 2025-07-28 19:55:33,765 basehttp 28340 30080 "GET /static/admin/js/filters.js HTTP/1.1" 304 0
INFO 2025-07-28 19:55:33,792 basehttp 28340 30080 "GET /static/djangocms_admin_style/img/icon_search_white@2x.png HTTP/1.1" 304 0
INFO 2025-07-28 19:55:33,794 basehttp 28340 8412 "GET /static/djangocms_admin_style/img/sorting-icons.png HTTP/1.1" 304 0
INFO 2025-07-28 19:55:33,864 basehttp 28340 8412 "GET /static/djangocms_admin_style/img/icon_arrow_down.png HTTP/1.1" 304 0
INFO 2025-07-28 19:55:35,379 basehttp 28340 8412 "GET /admin/core/heroslide/ HTTP/1.1" 200 21225
INFO 2025-07-28 19:55:35,421 basehttp 28340 8412 "GET /admin/jsi18n/ HTTP/1.1" 200 8817
INFO 2025-07-28 19:55:36,493 basehttp 28340 8412 "GET /admin/core/heroslide/1/change/ HTTP/1.1" 200 46933
INFO 2025-07-28 19:55:36,541 basehttp 28340 8412 "GET /admin/jsi18n/ HTTP/1.1" 200 8817
INFO 2025-07-28 19:55:36,720 basehttp 28340 8412 "GET /media/hero_slides/592692c4d8265d8f9a39b2ef905bcfa5.jpg.300x300_q85_detail_upscale.jpg HTTP/1.1" 200 20830
INFO 2025-07-28 19:55:36,732 basehttp 28340 8412 "GET /media/hero_slides/592692c4d8265d8f9a39b2ef905bcfa5.jpg.300x300_q85_detail_upscale.jpg HTTP/1.1" 200 20830
INFO 2025-07-28 19:55:37,708 basehttp 28340 8412 "GET /media/hero_slides/592692c4d8265d8f9a39b2ef905bcfa5.jpg HTTP/1.1" 200 51851
INFO 2025-07-28 19:55:38,183 basehttp 28340 8412 "GET /media/hero_slides/592692c4d8265d8f9a39b2ef905bcfa5.jpg HTTP/1.1" 200 51851
INFO 2025-07-28 19:55:42,775 basehttp 28340 8412 "GET /admin/core/heroslide/1/change/ HTTP/1.1" 200 46933
INFO 2025-07-28 19:55:42,816 basehttp 28340 8412 "GET /admin/jsi18n/ HTTP/1.1" 200 8817
INFO 2025-07-28 19:55:42,967 basehttp 28340 8412 "GET /media/hero_slides/592692c4d8265d8f9a39b2ef905bcfa5.jpg.300x300_q85_detail_upscale.jpg HTTP/1.1" 200 20830
INFO 2025-07-28 19:55:43,015 basehttp 28340 8412 "GET /media/hero_slides/592692c4d8265d8f9a39b2ef905bcfa5.jpg.300x300_q85_detail_upscale.jpg HTTP/1.1" 200 20830
INFO 2025-07-28 19:55:43,931 basehttp 28340 8412 "GET /media/hero_slides/592692c4d8265d8f9a39b2ef905bcfa5.jpg HTTP/1.1" 200 51851
INFO 2025-07-28 19:55:44,432 basehttp 28340 8412 "GET /media/hero_slides/592692c4d8265d8f9a39b2ef905bcfa5.jpg HTTP/1.1" 200 51851
INFO 2025-07-28 19:56:33,571 basehttp 28340 8412 "GET / HTTP/1.1" 302 0
INFO 2025-07-28 19:56:33,592 basehttp 28340 30080 "GET /vi/ HTTP/1.1" 200 58664
INFO 2025-07-28 19:56:33,642 basehttp 28340 30080 "GET /static/css/style.css HTTP/1.1" 200 59507
INFO 2025-07-28 19:56:33,715 basehttp 28340 29472 "GET /media/hero_slides/592692c4d8265d8f9a39b2ef905bcfa5.jpg HTTP/1.1" 200 51851
INFO 2025-07-28 19:56:33,716 basehttp 28340 24516 "GET /media/hero_slides/corn-cobs-plantation-field-600nw-2477557971.webp HTTP/1.1" 200 76222
INFO 2025-07-28 19:56:33,717 basehttp 28340 30080 "GET /media/hero_slides/62681_10_24.jpeg HTTP/1.1" 200 134225
INFO 2025-07-28 19:56:38,777 basehttp 28340 30080 "GET /admin/ HTTP/1.1" 200 19513
INFO 2025-07-28 19:56:40,645 basehttp 28340 30080 "GET /admin/core/heroslide/ HTTP/1.1" 200 21225
INFO 2025-07-28 19:56:40,695 basehttp 28340 30080 "GET /admin/jsi18n/ HTTP/1.1" 200 8817
INFO 2025-07-28 19:56:43,162 basehttp 28340 30080 "GET /admin/core/heroslide/ HTTP/1.1" 200 21225
INFO 2025-07-28 19:56:43,201 basehttp 28340 30080 "GET /admin/jsi18n/ HTTP/1.1" 200 8817
INFO 2025-07-28 19:57:41,948 basehttp 28340 30080 "GET /admin/core/heroslide/add/ HTTP/1.1" 200 46056
INFO 2025-07-28 19:57:42,001 basehttp 28340 30080 "GET /admin/jsi18n/ HTTP/1.1" 200 8817
INFO 2025-07-28 19:57:54,331 basehttp 28340 30080 "GET /admin/core/heroslide/ HTTP/1.1" 200 21225
INFO 2025-07-28 19:57:54,367 basehttp 28340 30080 "GET /admin/jsi18n/ HTTP/1.1" 200 8817
INFO 2025-07-28 20:01:30,436 basehttp 28340 30080 "GET /admin/core/heroslide/ HTTP/1.1" 200 21225
INFO 2025-07-28 20:01:30,469 basehttp 28340 30080 "GET /admin/jsi18n/ HTTP/1.1" 200 8817
INFO 2025-07-28 20:01:31,452 basehttp 28340 30080 "GET /admin/core/heroslide/1/change/ HTTP/1.1" 200 54191
INFO 2025-07-28 20:01:31,505 basehttp 28340 30080 "GET /admin/jsi18n/ HTTP/1.1" 200 8817
INFO 2025-07-28 20:01:31,677 basehttp 28340 30080 "GET /media/hero_slides/592692c4d8265d8f9a39b2ef905bcfa5.jpg.300x300_q85_detail_upscale.jpg HTTP/1.1" 200 20830
INFO 2025-07-28 20:01:31,690 basehttp 28340 30080 "GET /media/hero_slides/592692c4d8265d8f9a39b2ef905bcfa5.jpg.300x300_q85_detail_upscale.jpg HTTP/1.1" 200 20830
INFO 2025-07-28 20:01:32,147 basehttp 28340 30080 "GET /media/hero_slides/592692c4d8265d8f9a39b2ef905bcfa5.jpg HTTP/1.1" 200 51851
INFO 2025-07-28 20:01:32,354 basehttp 28340 30080 "GET /media/hero_slides/592692c4d8265d8f9a39b2ef905bcfa5.jpg HTTP/1.1" 200 51851
INFO 2025-07-28 20:01:32,359 basehttp 28340 24516 "GET /media/hero_slides/592692c4d8265d8f9a39b2ef905bcfa5.jpg HTTP/1.1" 200 51851
INFO 2025-07-28 20:02:36,551 basehttp 28340 24516 "GET /admin/core/heroslide/1/change/ HTTP/1.1" 200 54191
INFO 2025-07-28 20:02:36,590 basehttp 28340 24516 "GET /admin/jsi18n/ HTTP/1.1" 200 8817
INFO 2025-07-28 20:02:36,864 basehttp 28340 24516 "GET /media/hero_slides/592692c4d8265d8f9a39b2ef905bcfa5.jpg.300x300_q85_detail_upscale.jpg HTTP/1.1" 200 20830
INFO 2025-07-28 20:02:36,953 basehttp 28340 24516 "GET /media/hero_slides/592692c4d8265d8f9a39b2ef905bcfa5.jpg.300x300_q85_detail_upscale.jpg HTTP/1.1" 200 20830
INFO 2025-07-28 20:02:37,325 basehttp 28340 24516 "GET /media/hero_slides/592692c4d8265d8f9a39b2ef905bcfa5.jpg HTTP/1.1" 200 51851
INFO 2025-07-28 20:02:37,531 basehttp 28340 24516 "GET /media/hero_slides/592692c4d8265d8f9a39b2ef905bcfa5.jpg HTTP/1.1" 200 51851
INFO 2025-07-28 20:02:37,538 basehttp 28340 30080 "GET /media/hero_slides/592692c4d8265d8f9a39b2ef905bcfa5.jpg HTTP/1.1" 200 51851
INFO 2025-07-28 20:07:08,282 basehttp 28340 30080 "GET /admin/core/heroslide/1/change/ HTTP/1.1" 200 55149
INFO 2025-07-28 20:07:08,321 basehttp 28340 30080 "GET /admin/jsi18n/ HTTP/1.1" 200 8817
INFO 2025-07-28 20:07:08,593 basehttp 28340 30080 "GET /media/hero_slides/592692c4d8265d8f9a39b2ef905bcfa5.jpg.300x300_q85_detail_upscale.jpg HTTP/1.1" 200 20830
INFO 2025-07-28 20:07:08,679 basehttp 28340 30080 "GET /media/hero_slides/592692c4d8265d8f9a39b2ef905bcfa5.jpg.300x300_q85_detail_upscale.jpg HTTP/1.1" 200 20830
INFO 2025-07-28 20:07:09,074 basehttp 28340 30080 "GET /media/hero_slides/592692c4d8265d8f9a39b2ef905bcfa5.jpg HTTP/1.1" 200 51851
INFO 2025-07-28 20:07:09,290 basehttp 28340 30080 "GET /media/hero_slides/592692c4d8265d8f9a39b2ef905bcfa5.jpg HTTP/1.1" 200 51851
INFO 2025-07-28 20:07:09,298 basehttp 28340 30080 "GET /media/hero_slides/592692c4d8265d8f9a39b2ef905bcfa5.jpg HTTP/1.1" 200 51851
INFO 2025-07-28 20:07:26,156 basehttp 28340 30080 "GET /admin/core/heroslide/1/history/ HTTP/1.1" 200 14469
INFO 2025-07-28 20:07:30,226 basehttp 28340 30080 "GET /admin/core/heroslide/1/change/ HTTP/1.1" 200 55149
INFO 2025-07-28 20:07:30,265 basehttp 28340 30080 "GET /admin/jsi18n/ HTTP/1.1" 200 8817
INFO 2025-07-28 20:07:30,450 basehttp 28340 30080 "GET /media/hero_slides/592692c4d8265d8f9a39b2ef905bcfa5.jpg.300x300_q85_detail_upscale.jpg HTTP/1.1" 200 20830
INFO 2025-07-28 20:07:30,928 basehttp 28340 30080 "GET /media/hero_slides/592692c4d8265d8f9a39b2ef905bcfa5.jpg HTTP/1.1" 200 51851
INFO 2025-07-28 20:07:31,130 basehttp 28340 30080 "GET /media/hero_slides/592692c4d8265d8f9a39b2ef905bcfa5.jpg HTTP/1.1" 200 51851
INFO 2025-07-28 20:07:31,136 basehttp 28340 24516 "GET /media/hero_slides/592692c4d8265d8f9a39b2ef905bcfa5.jpg HTTP/1.1" 200 51851
INFO 2025-07-28 20:59:51,763 basehttp 28340 30416 "GET / HTTP/1.1" 302 0
INFO 2025-07-28 20:59:51,788 basehttp 28340 25860 "GET /vi/ HTTP/1.1" 200 58664
INFO 2025-07-28 20:59:51,845 basehttp 28340 25860 "GET /static/css/style.css HTTP/1.1" 304 0
INFO 2025-07-28 20:59:51,932 basehttp 28340 24712 "GET /media/hero_slides/592692c4d8265d8f9a39b2ef905bcfa5.jpg HTTP/1.1" 200 51851
INFO 2025-07-28 20:59:51,933 basehttp 28340 25860 "GET /media/hero_slides/62681_10_24.jpeg HTTP/1.1" 200 134225
INFO 2025-07-28 20:59:51,946 basehttp 28340 31616 "GET /media/hero_slides/corn-cobs-plantation-field-600nw-2477557971.webp HTTP/1.1" 200 76222
INFO 2025-07-28 21:00:12,663 basehttp 28340 31616 "GET /vi/ HTTP/1.1" 200 58664
INFO 2025-07-28 21:00:12,741 basehttp 28340 25860 "GET /media/hero_slides/592692c4d8265d8f9a39b2ef905bcfa5.jpg HTTP/1.1" 200 51851
INFO 2025-07-28 21:00:12,742 basehttp 28340 24712 "GET /media/hero_slides/corn-cobs-plantation-field-600nw-2477557971.webp HTTP/1.1" 200 76222
INFO 2025-07-28 21:00:12,744 basehttp 28340 31616 "GET /media/hero_slides/62681_10_24.jpeg HTTP/1.1" 200 134225
